   Build using "C:/Xilinx/Vivado/2017.4/msys/bin/g++.exe"
   Compiling apatb_apint_arith.cpp
   Compiling (apcc) apint_arith.c_pre.c.tb.c
INFO: [HLS 200-10] Running 'c:/Xilinx/Vivado/2017.4/bin/unwrapped/win64.o/apcc.exe'
INFO: [HLS 200-10] For user 'vsananda' on host 'win-itn9itidic4' (Windows NT_amd64 version 6.1) on Thu Jun 28 15:06:22 -0500 2018
INFO: [HLS 200-10] In directory 'C:/Users/vsananda/work/apint_arith/proj_apint_arith/solution1/sim/wrapc'
clang: warning: argument unused during compilation: '-fno-builtin-isinf'
clang: warning: argument unused during compilation: '-fno-builtin-isnan'
INFO: [APCC 202-3] Tmp directory is apcc_db
INFO: [APCC 202-1] APCC is done.
   Compiling (apcc) apint_arith_test.c_pre.c.tb.c
INFO: [HLS 200-10] Running 'c:/Xilinx/Vivado/2017.4/bin/unwrapped/win64.o/apcc.exe'
INFO: [HLS 200-10] For user 'vsananda' on host 'win-itn9itidic4' (Windows NT_amd64 version 6.1) on Thu Jun 28 15:06:25 -0500 2018
INFO: [HLS 200-10] In directory 'C:/Users/vsananda/work/apint_arith/proj_apint_arith/solution1/sim/wrapc'
clang: warning: argument unused during compilation: '-fno-builtin-isinf'
clang: warning: argument unused during compilation: '-fno-builtin-isnan'
C:/Users/vsananda/work/apint_arith/apint_arith_test.c:122:47: warning: invalid conversion specifier 'I' [-Wformat-invalid-specifier]
  fprintf(fp, "%d*%d=%d; %d+%d=%d; %d/%d=%d; %I64d mod %d=%d;\n", inA, inB, out1, inB, inA, out2, inC, inA, out3, inD, inA,out4);
                                             ~^
1 warning generated.
INFO: [APCC 202-3] Tmp directory is apcc_db
INFO: [APCC 202-1] APCC is done.
   Generating cosim.tv.exe
