

================================================================
== Vivado HLS Report for 'p_fir_2ch_int_cpp_li'
================================================================
* Date:           Wed Jun 27 16:18:46 2018

* Version:        2017.4 (Build 2086221 on Fri Dec 15 21:13:33 MST 2017)
* Project:        proj
* Solution:       solution1
* Product family: zynq
* Target device:  xc7z030sbv485-3


================================================================
== Performance Estimates
================================================================
+ Timing (ns): 
    * Summary: 
    +--------+-------+----------+------------+
    |  Clock | Target| Estimated| Uncertainty|
    +--------+-------+----------+------------+
    |ap_clk  |   4.00|      3.50|        0.50|
    +--------+-------+----------+------------+

+ Latency (clock cycles): 
    * Summary: 
    +-----+-----+-----+-----+---------+
    |  Latency  |  Interval | Pipeline|
    | min | max | min | max |   Type  |
    +-----+-----+-----+-----+---------+
    |   10|   10|   10|   10|   none  |
    +-----+-----+-----+-----+---------+

    + Detail: 
        * Instance: 
        +---------------+-------+-----+-----+-----+-----+---------+
        |               |       |  Latency  |  Interval | Pipeline|
        |    Instance   | Module| min | max | min | max |   Type  |
        +---------------+-------+-----+-----+-----+-----+---------+
        |grp_run_fu_18  |run    |    9|    9|    9|    9|   none  |
        +---------------+-------+-----+-----+-----+-----+---------+

        * Loop: 
        N/A



================================================================
== Utilization Estimates
================================================================
* Summary: 
+-----------------+---------+-------+--------+-------+
|       Name      | BRAM_18K| DSP48E|   FF   |  LUT  |
+-----------------+---------+-------+--------+-------+
|DSP              |        -|      -|       -|      -|
|Expression       |        -|      -|       0|      8|
|FIFO             |        -|      -|       -|      -|
|Instance         |        0|     48|     236|    213|
|Memory           |        -|      -|       -|      -|
|Multiplexer      |        -|      -|       -|     42|
|Register         |        -|      -|       4|      -|
+-----------------+---------+-------+--------+-------+
|Total            |        0|     48|     240|    263|
+-----------------+---------+-------+--------+-------+
|Available        |      530|    400|  157200|  78600|
+-----------------+---------+-------+--------+-------+
|Utilization (%)  |        0|     12|   ~0   |   ~0  |
+-----------------+---------+-------+--------+-------+

+ Detail: 
    * Instance: 
    +---------------+-------+---------+-------+-----+-----+
    |    Instance   | Module| BRAM_18K| DSP48E|  FF | LUT |
    +---------------+-------+---------+-------+-----+-----+
    |grp_run_fu_18  |run    |        0|     48|  236|  213|
    +---------------+-------+---------+-------+-----+-----+
    |Total          |       |        0|     48|  236|  213|
    +---------------+-------+---------+-------+-----+-----+

    * DSP48: 
    N/A

    * Memory: 
    N/A

    * FIFO: 
    N/A

    * Expression: 
    +-----------------+----------+-------+---+----+------------+------------+
    |  Variable Name  | Operation| DSP48E| FF| LUT| Bitwidth P0| Bitwidth P1|
    +-----------------+----------+-------+---+----+------------+------------+
    |ap_block_state1  |    or    |      0|  0|   8|           1|           1|
    +-----------------+----------+-------+---+----+------------+------------+
    |Total            |          |      0|  0|   8|           1|           1|
    +-----------------+----------+-------+---+----+------------+------------+

    * Multiplexer: 
    +---------------+----+-----------+-----+-----------+
    |      Name     | LUT| Input Size| Bits| Total Bits|
    +---------------+----+-----------+-----+-----------+
    |ap_NS_fsm      |  15|          3|    1|          3|
    |ap_done        |   9|          2|    1|          2|
    |fir_in_read    |   9|          2|    1|          2|
    |fir_out_write  |   9|          2|    1|          2|
    +---------------+----+-----------+-----+-----------+
    |Total          |  42|          9|    4|          9|
    +---------------+----+-----------+-----+-----------+

    * Register: 
    +-------------------------------+---+----+-----+-----------+
    |              Name             | FF| LUT| Bits| Const Bits|
    +-------------------------------+---+----+-----+-----------+
    |ap_CS_fsm                      |  2|   0|    2|          0|
    |ap_done_reg                    |  1|   0|    1|          0|
    |ap_reg_grp_run_fu_18_ap_start  |  1|   0|    1|          0|
    +-------------------------------+---+----+-----+-----------+
    |Total                          |  4|   0|    4|          0|
    +-------------------------------+---+----+-----+-----------+



================================================================
== Interface
================================================================
* Summary: 
+----------------+-----+-----+------------+----------------------+--------------+
|    RTL Ports   | Dir | Bits|  Protocol  |     Source Object    |    C Type    |
+----------------+-----+-----+------------+----------------------+--------------+
|ap_clk          |  in |    1| ap_ctrl_hs | __fir_2ch_int.cpp_li | return value |
|ap_rst          |  in |    1| ap_ctrl_hs | __fir_2ch_int.cpp_li | return value |
|ap_start        |  in |    1| ap_ctrl_hs | __fir_2ch_int.cpp_li | return value |
|ap_done         | out |    1| ap_ctrl_hs | __fir_2ch_int.cpp_li | return value |
|ap_continue     |  in |    1| ap_ctrl_hs | __fir_2ch_int.cpp_li | return value |
|ap_idle         | out |    1| ap_ctrl_hs | __fir_2ch_int.cpp_li | return value |
|ap_ready        | out |    1| ap_ctrl_hs | __fir_2ch_int.cpp_li | return value |
|fir_in_dout     |  in |   16|   ap_fifo  |        fir_in        |    pointer   |
|fir_in_empty_n  |  in |    1|   ap_fifo  |        fir_in        |    pointer   |
|fir_in_read     | out |    1|   ap_fifo  |        fir_in        |    pointer   |
|fir_out_din     | out |   40|   ap_fifo  |        fir_out       |    pointer   |
|fir_out_full_n  |  in |    1|   ap_fifo  |        fir_out       |    pointer   |
|fir_out_write   | out |    1|   ap_fifo  |        fir_out       |    pointer   |
+----------------+-----+-----+------------+----------------------+--------------+

