

================================================================
== Vivado HLS Report for 'run'
================================================================
* Date:           Wed Jun 27 16:18:46 2018

* Version:        2017.4 (Build 2086221 on Fri Dec 15 21:13:33 MST 2017)
* Project:        proj
* Solution:       solution1
* Product family: zynq
* Target device:  xc7z030sbv485-3


================================================================
== Performance Estimates
================================================================
+ Timing (ns): 
    * Summary: 
    +--------+-------+----------+------------+
    |  Clock | Target| Estimated| Uncertainty|
    +--------+-------+----------+------------+
    |ap_clk  |   4.00|      2.00|        0.50|
    +--------+-------+----------+------------+

+ Latency (clock cycles): 
    * Summary: 
    +-----+-----+-----+-----+---------+
    |  Latency  |  Interval | Pipeline|
    | min | max | min | max |   Type  |
    +-----+-----+-----+-----+---------+
    |    9|    9|    9|    9|   none  |
    +-----+-----+-----+-----+---------+

    + Detail: 
        * Instance: 
        N/A



================================================================
== Utilization Estimates
================================================================
* Summary: 
+-----------------+---------+-------+--------+-------+
|       Name      | BRAM_18K| DSP48E|   FF   |  LUT  |
+-----------------+---------+-------+--------+-------+
|DSP              |        -|      -|       -|      -|
|Expression       |        -|      -|       -|      -|
|FIFO             |        -|      -|       -|      -|
|Instance         |        0|     48|     236|    213|
|Memory           |        -|      -|       -|      -|
|Multiplexer      |        -|      -|       -|      -|
|Register         |        -|      -|       -|      -|
+-----------------+---------+-------+--------+-------+
|Total            |        0|     48|     236|    213|
+-----------------+---------+-------+--------+-------+
|Available        |      530|    400|  157200|  78600|
+-----------------+---------+-------+--------+-------+
|Utilization (%)  |        0|     12|   ~0   |   ~0  |
+-----------------+---------+-------+--------+-------+

+ Detail: 
    * Instance: 
    N/A

    * DSP48: 
    N/A

    * Memory: 
    N/A

    * FIFO: 
    N/A

    * Expression: 
    N/A

    * Multiplexer: 
    N/A

    * Register: 
    N/A



================================================================
== Interface
================================================================
* Summary: 
+--------------+-----+-----+------------+--------------+--------------+
|   RTL Ports  | Dir | Bits|  Protocol  | Source Object|    C Type    |
+--------------+-----+-----+------------+--------------+--------------+
|ap_clk        |  in |    1| ap_ctrl_hs |      run     | return value |
|ap_rst        |  in |    1| ap_ctrl_hs |      run     | return value |
|ap_start      |  in |    1| ap_ctrl_hs |      run     | return value |
|ap_ce         |  in |    1| ap_ctrl_hs |      run     | return value |
|ap_done       | out |    1| ap_ctrl_hs |      run     | return value |
|ap_idle       | out |    1| ap_ctrl_hs |      run     | return value |
|ap_ready      | out |    1| ap_ctrl_hs |      run     | return value |
|in_V_dout     |  in |   16|   ap_fifo  |     in_V     |    pointer   |
|in_V_empty_n  |  in |    1|   ap_fifo  |     in_V     |    pointer   |
|in_V_read     | out |    1|   ap_fifo  |     in_V     |    pointer   |
|out_V_din     | out |   40|   ap_fifo  |     out_V    |    pointer   |
|out_V_full_n  |  in |    1|   ap_fifo  |     out_V    |    pointer   |
|out_V_write   | out |    1|   ap_fifo  |     out_V    |    pointer   |
+--------------+-----+-----+------------+--------------+--------------+

