INFO: [COSIM-47] Using XSIM for RTL simulation.
INFO: [COSIM-14] Instrumenting C test bench ...
   Build using "C:/Xilinx/Vivado/2017.4/msys/bin/g++.exe"
   Compiling apatb_sort.cpp
   Compiling (apcc) sort.c_pre.c.tb.c
INFO: [HLS 200-10] Running 'c:/Xilinx/Vivado/2017.4/bin/unwrapped/win64.o/apcc.exe'
INFO: [HLS 200-10] For user 'vsananda' on host 'win-itn9itidic4' (Windows NT_amd64 version 6.1) on Fri Jun 29 15:42:39 -0500 2018
INFO: [HLS 200-10] In directory 'C:/Users/vsananda/work/bubble_sort/solution1/sim/wrapc'
clang: warning: argument unused during compilation: '-fno-builtin-isinf'
clang: warning: argument unused during compilation: '-fno-builtin-isnan'
INFO: [APCC 202-3] Tmp directory is apcc_db
INFO: [APCC 202-1] APCC is done.
   Compiling (apcc) test_sort.c_pre.c.tb.c
INFO: [HLS 200-10] Running 'c:/Xilinx/Vivado/2017.4/bin/unwrapped/win64.o/apcc.exe'
INFO: [HLS 200-10] For user 'vsananda' on host 'win-itn9itidic4' (Windows NT_amd64 version 6.1) on Fri Jun 29 15:42:42 -0500 2018
INFO: [HLS 200-10] In directory 'C:/Users/vsananda/work/bubble_sort/solution1/sim/wrapc'
clang: warning: argument unused during compilation: '-fno-builtin-isinf'
clang: warning: argument unused during compilation: '-fno-builtin-isnan'
INFO: [APCC 202-3] Tmp directory is apcc_db
INFO: [APCC 202-1] APCC is done.
   Generating cosim.tv.exe
INFO: [COSIM-302] Starting C TB testing ... 
INFO: [COSIM-333] Generating C post check test bench ...
INFO: [COSIM-12] Generating RTL test bench ...
INFO: [COSIM-323] Starting verilog simulation. 
INFO: [COSIM-15] Starting XSIM ...
INFO: [COSIM-316] Starting C post checking ...
out[0] = 1
out[1] = 2
out[2] = 3
out[3] = 3
out[4] = 3
out[5] = 6
out[6] = 7
out[7] = 7
out[8] = 8
out[9] = 8
out[10] = 8
out[11] = 8
out[12] = 9
out[13] = 10
out[14] = 10
out[15] = 11
out[16] = 11
out[17] = 15
out[18] = 15
out[19] = 17
out[20] = 18
out[21] = 18
out[22] = 19
out[23] = 20
out[24] = 21
out[25] = 21
out[26] = 21
out[27] = 22
out[28] = 22
out[29] = 23
out[30] = 24
out[31] = 25
out[32] = 27
out[33] = 28
out[34] = 28
out[35] = 28
out[36] = 30
out[37] = 30
out[38] = 31
out[39] = 31
out[40] = 35
out[41] = 35
out[42] = 35
out[43] = 36
out[44] = 37
out[45] = 37
out[46] = 38
out[47] = 38
out[48] = 39
out[49] = 40
out[50] = 40
out[51] = 40
out[52] = 41
out[53] = 41
out[54] = 41
out[55] = 43
out[56] = 44
out[57] = 44
out[58] = 49
out[59] = 50
out[60] = 52
out[61] = 53
out[62] = 53
out[63] = 53
out[64] = 55
out[65] = 58
out[66] = 58
out[67] = 60
out[68] = 60
out[69] = 60
out[70] = 61
out[71] = 64
out[72] = 67
out[73] = 67
out[74] = 70
out[75] = 71
out[76] = 71
out[77] = 72
out[78] = 72
out[79] = 72
out[80] = 72
out[81] = 73
out[82] = 75
out[83] = 75
out[84] = 75
out[85] = 75
out[86] = 77
out[87] = 80
out[88] = 80
out[89] = 82
out[90] = 82
out[91] = 84
out[92] = 84
out[93] = 85
out[94] = 86
out[95] = 87
out[96] = 87
out[97] = 88
out[98] = 88
out[99] = 90
out[100] = 93
out[101] = 93
out[102] = 97
out[103] = 98
out[104] = 99
out[105] = 101
out[106] = 102
out[107] = 103
out[108] = 105
out[109] = 106
out[110] = 107
out[111] = 108
out[112] = 109
out[113] = 109
out[114] = 110
out[115] = 111
out[116] = 112
out[117] = 112
out[118] = 113
out[119] = 113
out[120] = 114
out[121] = 115
out[122] = 115
out[123] = 116
out[124] = 116
out[125] = 117
out[126] = 118
out[127] = 119
out[128] = 123
out[129] = 124
out[130] = 125
out[131] = 127
out[132] = 129
out[133] = 129
out[134] = 129
out[135] = 131
out[136] = 132
out[137] = 132
out[138] = 139
out[139] = 140
out[140] = 141
out[141] = 141
out[142] = 142
out[143] = 142
out[144] = 142
out[145] = 142
out[146] = 142
out[147] = 144
out[148] = 145
out[149] = 145
out[150] = 145
out[151] = 146
out[152] = 148
out[153] = 150
out[154] = 152
out[155] = 152
out[156] = 153
out[157] = 153
out[158] = 153
out[159] = 154
out[160] = 154
out[161] = 155
out[162] = 156
out[163] = 157
out[164] = 159
out[165] = 161
out[166] = 161
out[167] = 164
out[168] = 164
out[169] = 168
out[170] = 168
out[171] = 168
out[172] = 169
out[173] = 169
out[174] = 169
out[175] = 170
out[176] = 170
out[177] = 171
out[178] = 173
out[179] = 173
out[180] = 174
out[181] = 175
out[182] = 176
out[183] = 177
out[184] = 179
out[185] = 181
out[186] = 181
out[187] = 182
out[188] = 184
out[189] = 185
out[190] = 185
out[191] = 186
out[192] = 186
out[193] = 187
out[194] = 188
out[195] = 189
out[196] = 190
out[197] = 190
out[198] = 191
out[199] = 191
out[200] = 192
out[201] = 192
out[202] = 193
out[203] = 193
out[204] = 195
out[205] = 195
out[206] = 195
out[207] = 196
out[208] = 196
out[209] = 199
out[210] = 200
out[211] = 200
out[212] = 200
out[213] = 200
out[214] = 202
out[215] = 202
out[216] = 202
out[217] = 205
out[218] = 205
out[219] = 209
out[220] = 212
out[221] = 213
out[222] = 213
out[223] = 213
out[224] = 215
out[225] = 215
out[226] = 216
out[227] = 220
out[228] = 221
out[229] = 221
out[230] = 221
out[231] = 221
out[232] = 222
out[233] = 222
out[234] = 223
out[235] = 224
out[236] = 224
out[237] = 226
out[238] = 227
out[239] = 229
out[240] = 230
out[241] = 232
out[242] = 233
out[243] = 234
out[244] = 235
out[245] = 240
out[246] = 240
out[247] = 245
out[248] = 247
out[249] = 249
out[250] = 249
out[251] = 253
out[252] = 253
out[253] = 255
out[254] = 256
out[255] = 256
out[256] = 257
out[257] = 258
out[258] = 259
out[259] = 260
out[260] = 261
out[261] = 262
out[262] = 262
out[263] = 263
out[264] = 264
out[265] = 264
out[266] = 264
out[267] = 264
out[268] = 264
out[269] = 269
out[270] = 270
out[271] = 270
out[272] = 270
out[273] = 271
out[274] = 272
out[275] = 279
out[276] = 279
out[277] = 281
out[278] = 281
out[279] = 281
out[280] = 282
out[281] = 282
out[282] = 285
out[283] = 285
out[284] = 286
out[285] = 286
out[286] = 287
out[287] = 287
out[288] = 288
out[289] = 288
out[290] = 289
out[291] = 290
out[292] = 291
out[293] = 292
out[294] = 292
out[295] = 292
out[296] = 292
out[297] = 295
out[298] = 296
out[299] = 296
out[300] = 297
out[301] = 297
out[302] = 299
out[303] = 300
out[304] = 302
out[305] = 303
out[306] = 303
out[307] = 303
out[308] = 303
out[309] = 303
out[310] = 306
out[311] = 308
out[312] = 309
out[313] = 309
out[314] = 310
out[315] = 313
out[316] = 313
out[317] = 313
out[318] = 313
out[319] = 313
out[320] = 314
out[321] = 314
out[322] = 314
out[323] = 315
out[324] = 316
out[325] = 316
out[326] = 317
out[327] = 318
out[328] = 318
out[329] = 318
out[330] = 321
out[331] = 322
out[332] = 322
out[333] = 323
out[334] = 323
out[335] = 324
out[336] = 326
out[337] = 328
out[338] = 329
out[339] = 330
out[340] = 333
out[341] = 333
out[342] = 334
out[343] = 334
out[344] = 335
out[345] = 337
out[346] = 337
out[347] = 342
out[348] = 342
out[349] = 343
out[350] = 347
out[351] = 348
out[352] = 350
out[353] = 350
out[354] = 350
out[355] = 350
out[356] = 353
out[357] = 353
out[358] = 355
out[359] = 355
out[360] = 355
out[361] = 355
out[362] = 356
out[363] = 357
out[364] = 357
out[365] = 357
out[366] = 358
out[367] = 359
out[368] = 359
out[369] = 360
out[370] = 361
out[371] = 361
out[372] = 362
out[373] = 363
out[374] = 363
out[375] = 365
out[376] = 368
out[377] = 369
out[378] = 369
out[379] = 370
out[380] = 371
out[381] = 372
out[382] = 374
out[383] = 375
out[384] = 376
out[385] = 380
out[386] = 382
out[387] = 383
out[388] = 384
out[389] = 386
out[390] = 389
out[391] = 391
out[392] = 391
out[393] = 392
out[394] = 392
out[395] = 393
out[396] = 398
out[397] = 401
out[398] = 402
out[399] = 404
out[400] = 405
out[401] = 409
out[402] = 410
out[403] = 410
out[404] = 411
out[405] = 411
out[406] = 413
out[407] = 413
out[408] = 413
out[409] = 414
out[410] = 416
out[411] = 416
out[412] = 416
out[413] = 418
out[414] = 421
out[415] = 421
out[416] = 422
out[417] = 422
out[418] = 423
out[419] = 423
out[420] = 423
out[421] = 423
out[422] = 423
out[423] = 424
out[424] = 425
out[425] = 426
out[426] = 426
out[427] = 428
out[428] = 428
out[429] = 429
out[430] = 430
out[431] = 430
out[432] = 432
out[433] = 433
out[434] = 434
out[435] = 436
out[436] = 437
out[437] = 439
out[438] = 439
out[439] = 439
out[440] = 441
out[441] = 443
out[442] = 446
out[443] = 447
out[444] = 448
out[445] = 450
out[446] = 451
out[447] = 452
out[448] = 454
out[449] = 455
out[450] = 457
out[451] = 457
out[452] = 458
out[453] = 459
out[454] = 460
out[455] = 461
out[456] = 462
out[457] = 463
out[458] = 464
out[459] = 464
out[460] = 466
out[461] = 466
out[462] = 467
out[463] = 467
out[464] = 467
out[465] = 472
out[466] = 472
out[467] = 474
out[468] = 474
out[469] = 476
out[470] = 477
out[471] = 477
out[472] = 477
out[473] = 478
out[474] = 480
out[475] = 481
out[476] = 482
out[477] = 483
out[478] = 483
out[479] = 483
out[480] = 484
out[481] = 484
out[482] = 484
out[483] = 485
out[484] = 485
out[485] = 487
out[486] = 487
out[487] = 488
out[488] = 488
out[489] = 489
out[490] = 489
out[491] = 491
out[492] = 492
out[493] = 493
out[494] = 496
out[495] = 497
out[496] = 498
out[497] = 500
out[498] = 503
out[499] = 503
out[500] = 503
out[501] = 504
out[502] = 505
out[503] = 506
out[504] = 508
out[505] = 508
out[506] = 510
out[507] = 510
out[508] = 511
out[509] = 511
out[510] = 512
out[511] = 512
out[512] = 514
out[513] = 515
out[514] = 515
out[515] = 518
out[516] = 519
out[517] = 519
out[518] = 520
out[519] = 520
out[520] = 523
out[521] = 525
out[522] = 526
out[523] = 527
out[524] = 527
out[525] = 529
out[526] = 529
out[527] = 532
out[528] = 534
out[529] = 535
out[530] = 536
out[531] = 537
out[532] = 537
out[533] = 538
out[534] = 538
out[535] = 538
out[536] = 539
out[537] = 540
out[538] = 540
out[539] = 541
out[540] = 541
out[541] = 541
out[542] = 542
out[543] = 543
out[544] = 543
out[545] = 545
out[546] = 546
out[547] = 547
out[548] = 547
out[549] = 548
out[550] = 548
out[551] = 548
out[552] = 549
out[553] = 549
out[554] = 549
out[555] = 549
out[556] = 550
out[557] = 555
out[558] = 555
out[559] = 556
out[560] = 556
out[561] = 556
out[562] = 556
out[563] = 557
out[564] = 558
out[565] = 559
out[566] = 561
out[567] = 561
out[568] = 565
out[569] = 565
out[570] = 565
out[571] = 565
out[572] = 570
out[573] = 573
out[574] = 574
out[575] = 576
out[576] = 576
out[577] = 577
out[578] = 578
out[579] = 580
out[580] = 584
out[581] = 584
out[582] = 584
out[583] = 585
out[584] = 585
out[585] = 587
out[586] = 588
out[587] = 588
out[588] = 589
out[589] = 589
out[590] = 589
out[591] = 591
out[592] = 591
out[593] = 593
out[594] = 593
out[595] = 595
out[596] = 596
out[597] = 596
out[598] = 598
out[599] = 600
out[600] = 600
out[601] = 600
out[602] = 601
out[603] = 601
out[604] = 601
out[605] = 602
out[606] = 604
out[607] = 604
out[608] = 605
out[609] = 606
out[610] = 607
out[611] = 608
out[612] = 608
out[613] = 609
out[614] = 610
out[615] = 611
out[616] = 616
out[617] = 617
out[618] = 617
out[619] = 617
out[620] = 618
out[621] = 619
out[622] = 619
out[623] = 620
out[624] = 622
out[625] = 623
out[626] = 624
out[627] = 624
out[628] = 625
out[629] = 625
out[630] = 625
out[631] = 625
out[632] = 626
out[633] = 626
out[634] = 626
out[635] = 626
out[636] = 627
out[637] = 627
out[638] = 627
out[639] = 629
out[640] = 629
out[641] = 629
out[642] = 629
out[643] = 634
out[644] = 634
out[645] = 634
out[646] = 635
out[647] = 636
out[648] = 637
out[649] = 637
out[650] = 637
out[651] = 639
out[652] = 641
out[653] = 643
out[654] = 644
out[655] = 646
out[656] = 646
out[657] = 648
out[658] = 648
out[659] = 648
out[660] = 649
out[661] = 650
out[662] = 650
out[663] = 651
out[664] = 651
out[665] = 652
out[666] = 653
out[667] = 654
out[668] = 655
out[669] = 655
out[670] = 657
out[671] = 658
out[672] = 658
out[673] = 659
out[674] = 662
out[675] = 662
out[676] = 662
out[677] = 663
out[678] = 664
out[679] = 667
out[680] = 667
out[681] = 668
out[682] = 668
out[683] = 670
out[684] = 671
out[685] = 673
out[686] = 673
out[687] = 673
out[688] = 674
out[689] = 675
out[690] = 676
out[691] = 676
out[692] = 678
out[693] = 678
out[694] = 678
out[695] = 679
out[696] = 681
out[697] = 683
out[698] = 685
out[699] = 685
out[700] = 686
out[701] = 687
out[702] = 688
out[703] = 689
out[704] = 690
out[705] = 690
out[706] = 692
out[707] = 693
out[708] = 694
out[709] = 694
out[710] = 695
out[711] = 695
out[712] = 696
out[713] = 698
out[714] = 699
out[715] = 700
out[716] = 701
out[717] = 701
out[718] = 702
out[719] = 703
out[720] = 704
out[721] = 704
out[722] = 704
out[723] = 705
out[724] = 705
out[725] = 705
out[726] = 706
out[727] = 710
out[728] = 711
out[729] = 711
out[730] = 712
out[731] = 712
out[732] = 713
out[733] = 716
out[734] = 717
out[735] = 718
out[736] = 718
out[737] = 721
out[738] = 722
out[739] = 723
out[740] = 723
out[741] = 724
out[742] = 724
out[743] = 725
out[744] = 726
out[745] = 726
out[746] = 728
out[747] = 729
out[748] = 734
out[749] = 734
out[750] = 734
out[751] = 734
out[752] = 736
out[753] = 737
out[754] = 740
out[755] = 741
out[756] = 741
out[757] = 745
out[758] = 745
out[759] = 748
out[760] = 748
out[761] = 750
out[762] = 752
out[763] = 753
out[764] = 753
out[765] = 754
out[766] = 756
out[767] = 756
out[768] = 757
out[769] = 757
out[770] = 757
out[771] = 758
out[772] = 758
out[773] = 758
out[774] = 759
out[775] = 759
out[776] = 760
out[777] = 760
out[778] = 762
out[779] = 763
out[780] = 763
out[781] = 763
out[782] = 766
out[783] = 767
out[784] = 769
out[785] = 771
out[786] = 771
out[787] = 773
out[788] = 774
out[789] = 775
out[790] = 777
out[791] = 778
out[792] = 778
out[793] = 781
out[794] = 783
out[795] = 783
out[796] = 786
out[797] = 786
out[798] = 787
out[799] = 788
out[800] = 788
out[801] = 789
out[802] = 790
out[803] = 790
out[804] = 796
out[805] = 798
out[806] = 798
out[807] = 798
out[808] = 800
out[809] = 801
out[810] = 802
out[811] = 805
out[812] = 807
out[813] = 808
out[814] = 811
out[815] = 812
out[816] = 813
out[817] = 813
out[818] = 814
out[819] = 815
out[820] = 815
out[821] = 815
out[822] = 818
out[823] = 818
out[824] = 823
out[825] = 824
out[826] = 824
out[827] = 825
out[828] = 825
out[829] = 827
out[830] = 827
out[831] = 829
out[832] = 829
out[833] = 829
out[834] = 831
out[835] = 831
out[836] = 832
out[837] = 832
out[838] = 833
out[839] = 833
out[840] = 833
out[841] = 835
out[842] = 836
out[843] = 838
out[844] = 840
out[845] = 841
out[846] = 842
out[847] = 843
out[848] = 844
out[849] = 844
out[850] = 847
out[851] = 848
out[852] = 850
out[853] = 850
out[854] = 851
out[855] = 851
out[856] = 853
out[857] = 855
out[858] = 855
out[859] = 855
out[860] = 858
out[861] = 859
out[862] = 861
out[863] = 864
out[864] = 865
out[865] = 866
out[866] = 867
out[867] = 868
out[868] = 869
out[869] = 869
out[870] = 869
out[871] = 869
out[872] = 869
out[873] = 870
out[874] = 870
out[875] = 874
out[876] = 875
out[877] = 875
out[878] = 877
out[879] = 878
out[880] = 881
out[881] = 881
out[882] = 882
out[883] = 885
out[884] = 886
out[885] = 887
out[886] = 888
out[887] = 888
out[888] = 890
out[889] = 892
out[890] = 893
out[891] = 893
out[892] = 894
out[893] = 895
out[894] = 896
out[895] = 896
out[896] = 898
out[897] = 900
out[898] = 900
out[899] = 900
out[900] = 900
out[901] = 901
out[902] = 902
out[903] = 902
out[904] = 902
out[905] = 903
out[906] = 905
out[907] = 909
out[908] = 909
out[909] = 911
out[910] = 912
out[911] = 912
out[912] = 913
out[913] = 913
out[914] = 913
out[915] = 923
out[916] = 923
out[917] = 924
out[918] = 924
out[919] = 924
out[920] = 926
out[921] = 928
out[922] = 929
out[923] = 930
out[924] = 931
out[925] = 932
out[926] = 932
out[927] = 932
out[928] = 934
out[929] = 935
out[930] = 936
out[931] = 937
out[932] = 938
out[933] = 938
out[934] = 938
out[935] = 940
out[936] = 941
out[937] = 941
out[938] = 942
out[939] = 942
out[940] = 943
out[941] = 944
out[942] = 944
out[943] = 944
out[944] = 945
out[945] = 945
out[946] = 945
out[947] = 946
out[948] = 948
out[949] = 948
out[950] = 949
out[951] = 949
out[952] = 951
out[953] = 954
out[954] = 954
out[955] = 954
out[956] = 955
out[957] = 956
out[958] = 958
out[959] = 958
out[960] = 958
out[961] = 959
out[962] = 961
out[963] = 961
out[964] = 962
out[965] = 962
out[966] = 962
out[967] = 962
out[968] = 963
out[969] = 964
out[970] = 966
out[971] = 966
out[972] = 969
out[973] = 970
out[974] = 971
out[975] = 971
out[976] = 971
out[977] = 972
out[978] = 972
out[979] = 974
out[980] = 974
out[981] = 975
out[982] = 976
out[983] = 977
out[984] = 977
out[985] = 982
out[986] = 985
out[987] = 985
out[988] = 986
out[989] = 989
out[990] = 990
out[991] = 992
out[992] = 993
out[993] = 993
out[994] = 994
out[995] = 995
out[996] = 996
out[997] = 997
out[998] = 998
out[999] = 999

C:\Users\vsananda\work\bubble_sort\solution1\sim\verilog>call C:/Xilinx/Vivado/2017.4/bin/xelab xil_defaultlib.apatb_sort_top glbl -prj sort.prj -L smartconnect_v1_0 -L axi_protocol_checker_v1_1_12 -L axi_protocol_checker_v1_1_13 -L axis_protocol_checker_v1_1_11 -L axis_protocol_checker_v1_1_12 -L xil_defaultlib -L unisims_ver --initfile "C:/Xilinx/Vivado/2017.4/data/xsim/ip/xsim_ip.ini" --lib "ieee_proposed=./ieee_proposed" -s sort -debug wave 
INFO: [XSIM 43-3496] Using init file passed via -initfile option "C:/Xilinx/Vivado/2017.4/data/xsim/ip/xsim_ip.ini".
Vivado Simulator 2017.4
Copyright 1986-1999, 2001-2016 Xilinx, Inc. All Rights Reserved.
Running: C:/Xilinx/Vivado/2017.4/bin/unwrapped/win64.o/xelab.exe xil_defaultlib.apatb_sort_top glbl -prj sort.prj -L smartconnect_v1_0 -L axi_protocol_checker_v1_1_12 -L axi_protocol_checker_v1_1_13 -L axis_protocol_checker_v1_1_11 -L axis_protocol_checker_v1_1_12 -L xil_defaultlib -L unisims_ver --initfile C:/Xilinx/Vivado/2017.4/data/xsim/ip/xsim_ip.ini --lib ieee_proposed=./ieee_proposed -s sort -debug wave 
Multi-threading is on. Using 2 slave threads.
INFO: [VRFC 10-2263] Analyzing SystemVerilog file "C:/Users/vsananda/work/bubble_sort/solution1/sim/verilog/glbl.v" into library work
INFO: [VRFC 10-311] analyzing module glbl
INFO: [VRFC 10-2263] Analyzing SystemVerilog file "C:/Users/vsananda/work/bubble_sort/solution1/sim/verilog/AESL_automem_a.v" into library xil_defaultlib
INFO: [VRFC 10-311] analyzing module AESL_automem_a
INFO: [VRFC 10-2263] Analyzing SystemVerilog file "C:/Users/vsananda/work/bubble_sort/solution1/sim/verilog/AESL_automem_out_r.v" into library xil_defaultlib
INFO: [VRFC 10-311] analyzing module AESL_automem_out_r
INFO: [VRFC 10-2263] Analyzing SystemVerilog file "C:/Users/vsananda/work/bubble_sort/solution1/sim/verilog/sort.autotb.v" into library xil_defaultlib
INFO: [VRFC 10-311] analyzing module apatb_sort_top
INFO: [VRFC 10-2263] Analyzing SystemVerilog file "C:/Users/vsananda/work/bubble_sort/solution1/sim/verilog/sort.v" into library xil_defaultlib
INFO: [VRFC 10-311] analyzing module sort
Starting static elaboration
Completed static elaboration
Starting simulation data flow analysis
Completed simulation data flow analysis
Time Resolution for simulation is 1ps
Compiling module xil_defaultlib.sort
Compiling module xil_defaultlib.AESL_automem_a
Compiling module xil_defaultlib.AESL_automem_out_r
Compiling module xil_defaultlib.apatb_sort_top
Compiling module work.glbl
Built simulation snapshot sort

****** Webtalk v2017.4 (64-bit)
  **** SW Build 2086221 on Fri Dec 15 20:55:39 MST 2017
  **** IP Build 2085800 on Fri Dec 15 22:25:07 MST 2017
    ** Copyright 1986-2017 Xilinx, Inc. All Rights Reserved.

source C:/Users/vsananda/work/bubble_sort/solution1/sim/verilog/xsim.dir/sort/webtalk/xsim_webtalk.tcl -notrace
webtalk_transmit: Time (s): cpu = 00:00:00 ; elapsed = 00:01:09 . Memory (MB): peak = 53.293 ; gain = 1.355
INFO: [Common 17-206] Exiting Webtalk at Fri Jun 29 15:44:02 2018...

****** xsim v2017.4 (64-bit)
  **** SW Build 2086221 on Fri Dec 15 20:55:39 MST 2017
  **** IP Build 2085800 on Fri Dec 15 22:25:07 MST 2017
    ** Copyright 1986-2017 Xilinx, Inc. All Rights Reserved.

source xsim.dir/sort/xsim_script.tcl
# xsim {sort} -autoloadwcfg -tclbatch {sort.tcl}
Vivado Simulator 2017.4
Time resolution is 1 ps
source sort.tcl
## log_wave -r /
## set designtopgroup [add_wave_group "Design Top Signals"]
## set cinoutgroup [add_wave_group "C InOuts" -into $designtopgroup]
## set a_group [add_wave_group a(memory) -into $cinoutgroup]
## add_wave /apatb_sort_top/AESL_inst_sort/a_q1 -into $a_group -radix hex
## add_wave /apatb_sort_top/AESL_inst_sort/a_d1 -into $a_group -radix hex
## add_wave /apatb_sort_top/AESL_inst_sort/a_we1 -into $a_group -color #ffff00 -radix hex
## add_wave /apatb_sort_top/AESL_inst_sort/a_ce1 -into $a_group -color #ffff00 -radix hex
## add_wave /apatb_sort_top/AESL_inst_sort/a_address1 -into $a_group -radix hex
## add_wave /apatb_sort_top/AESL_inst_sort/a_q0 -into $a_group -radix hex
## add_wave /apatb_sort_top/AESL_inst_sort/a_d0 -into $a_group -radix hex
## add_wave /apatb_sort_top/AESL_inst_sort/a_we0 -into $a_group -color #ffff00 -radix hex
## add_wave /apatb_sort_top/AESL_inst_sort/a_ce0 -into $a_group -color #ffff00 -radix hex
## add_wave /apatb_sort_top/AESL_inst_sort/a_address0 -into $a_group -radix hex
## set coutputgroup [add_wave_group "C Outputs" -into $designtopgroup]
## set out_group [add_wave_group out(memory) -into $coutputgroup]
## add_wave /apatb_sort_top/AESL_inst_sort/out_r_d0 -into $out_group -radix hex
## add_wave /apatb_sort_top/AESL_inst_sort/out_r_we0 -into $out_group -color #ffff00 -radix hex
## add_wave /apatb_sort_top/AESL_inst_sort/out_r_ce0 -into $out_group -color #ffff00 -radix hex
## add_wave /apatb_sort_top/AESL_inst_sort/out_r_address0 -into $out_group -radix hex
## set blocksiggroup [add_wave_group "Block-level IO Handshake" -into $designtopgroup]
## add_wave /apatb_sort_top/AESL_inst_sort/ap_start -into $blocksiggroup
## add_wave /apatb_sort_top/AESL_inst_sort/ap_done -into $blocksiggroup
## add_wave /apatb_sort_top/AESL_inst_sort/ap_idle -into $blocksiggroup
## add_wave /apatb_sort_top/AESL_inst_sort/ap_ready -into $blocksiggroup
## set resetgroup [add_wave_group "Reset" -into $designtopgroup]
## add_wave /apatb_sort_top/AESL_inst_sort/ap_rst -into $resetgroup
## set clockgroup [add_wave_group "Clock" -into $designtopgroup]
## add_wave /apatb_sort_top/AESL_inst_sort/ap_clk -into $clockgroup
## set testbenchgroup [add_wave_group "Test Bench Signals"]
## set tbinternalsiggroup [add_wave_group "Internal Signals" -into $testbenchgroup]
## set tb_simstatus_group [add_wave_group "Simulation Status" -into $tbinternalsiggroup]
## set tb_portdepth_group [add_wave_group "Port Depth" -into $tbinternalsiggroup]
## add_wave /apatb_sort_top/AUTOTB_TRANSACTION_NUM -into $tb_simstatus_group -radix hex
## add_wave /apatb_sort_top/ready_cnt -into $tb_simstatus_group -radix hex
## add_wave /apatb_sort_top/done_cnt -into $tb_simstatus_group -radix hex
## add_wave /apatb_sort_top/LENGTH_a -into $tb_portdepth_group -radix hex
## add_wave /apatb_sort_top/LENGTH_out_r -into $tb_portdepth_group -radix hex
## set tbcinoutgroup [add_wave_group "C InOuts" -into $testbenchgroup]
## set tb_a_group [add_wave_group a(memory) -into $tbcinoutgroup]
## add_wave /apatb_sort_top/a_q1 -into $tb_a_group -radix hex
## add_wave /apatb_sort_top/a_d1 -into $tb_a_group -radix hex
## add_wave /apatb_sort_top/a_we1 -into $tb_a_group -color #ffff00 -radix hex
## add_wave /apatb_sort_top/a_ce1 -into $tb_a_group -color #ffff00 -radix hex
## add_wave /apatb_sort_top/a_address1 -into $tb_a_group -radix hex
## add_wave /apatb_sort_top/a_q0 -into $tb_a_group -radix hex
## add_wave /apatb_sort_top/a_d0 -into $tb_a_group -radix hex
## add_wave /apatb_sort_top/a_we0 -into $tb_a_group -color #ffff00 -radix hex
## add_wave /apatb_sort_top/a_ce0 -into $tb_a_group -color #ffff00 -radix hex
## add_wave /apatb_sort_top/a_address0 -into $tb_a_group -radix hex
## set tbcoutputgroup [add_wave_group "C Outputs" -into $testbenchgroup]
## set tb_out_group [add_wave_group out(memory) -into $tbcoutputgroup]
## add_wave /apatb_sort_top/out_r_d0 -into $tb_out_group -radix hex
## add_wave /apatb_sort_top/out_r_we0 -into $tb_out_group -color #ffff00 -radix hex
## add_wave /apatb_sort_top/out_r_ce0 -into $tb_out_group -color #ffff00 -radix hex
## add_wave /apatb_sort_top/out_r_address0 -into $tb_out_group -radix hex
## save_wave_config sort.wcfg
## run all
////////////////////////////////////////////////////////////////////////////////////
// Inter-Transaction Progress: Completed Transaction / Total Transaction
// Intra-Transaction Progress: Measured Latency / Latency Estimation * 100%
//
// RTL Simulation : "Inter-Transaction Progress" ["Intra-Transaction Progress"] @ "Simulation Time"
////////////////////////////////////////////////////////////////////////////////////
// RTL Simulation : 0 / 1 [0.00%] @ "125000"
// RTL Simulation : 1 / 1 [100.00%] @ "10030165000"
////////////////////////////////////////////////////////////////////////////////////
$finish called at time : 10030205 ns : File "C:/Users/vsananda/work/bubble_sort/solution1/sim/verilog/sort.autotb.v" Line 287
run: Time (s): cpu = 00:00:18 ; elapsed = 00:00:19 . Memory (MB): peak = 224.289 ; gain = 0.000
## quit
INFO: [Common 17-206] Exiting xsim at Fri Jun 29 15:45:35 2018...
out[0] = 1
out[1] = 2
out[2] = 3
out[3] = 3
out[4] = 3
out[5] = 6
out[6] = 7
out[7] = 7
out[8] = 8
out[9] = 8
out[10] = 8
out[11] = 8
out[12] = 9
out[13] = 10
out[14] = 10
out[15] = 11
out[16] = 11
out[17] = 15
out[18] = 15
out[19] = 17
out[20] = 18
out[21] = 18
out[22] = 19
out[23] = 20
out[24] = 21
out[25] = 21
out[26] = 21
out[27] = 22
out[28] = 22
out[29] = 23
out[30] = 24
out[31] = 25
out[32] = 27
out[33] = 28
out[34] = 28
out[35] = 28
out[36] = 30
out[37] = 30
out[38] = 31
out[39] = 31
out[40] = 35
out[41] = 35
out[42] = 35
out[43] = 36
out[44] = 37
out[45] = 37
out[46] = 38
out[47] = 38
out[48] = 39
out[49] = 40
out[50] = 40
out[51] = 40
out[52] = 41
out[53] = 41
out[54] = 41
out[55] = 43
out[56] = 44
out[57] = 44
out[58] = 49
out[59] = 50
out[60] = 52
out[61] = 53
out[62] = 53
out[63] = 53
out[64] = 55
out[65] = 58
out[66] = 58
out[67] = 60
out[68] = 60
out[69] = 60
out[70] = 61
out[71] = 64
out[72] = 67
out[73] = 67
out[74] = 70
out[75] = 71
out[76] = 71
out[77] = 72
out[78] = 72
out[79] = 72
out[80] = 72
out[81] = 73
out[82] = 75
out[83] = 75
out[84] = 75
out[85] = 75
out[86] = 77
out[87] = 80
out[88] = 80
out[89] = 82
out[90] = 82
out[91] = 84
out[92] = 84
out[93] = 85
out[94] = 86
out[95] = 87
out[96] = 87
out[97] = 88
out[98] = 88
out[99] = 90
out[100] = 93
out[101] = 93
out[102] = 97
out[103] = 98
out[104] = 99
out[105] = 101
out[106] = 102
out[107] = 103
out[108] = 105
out[109] = 106
out[110] = 107
out[111] = 108
out[112] = 109
out[113] = 109
out[114] = 110
out[115] = 111
out[116] = 112
out[117] = 112
out[118] = 113
out[119] = 113
out[120] = 114
out[121] = 115
out[122] = 115
out[123] = 116
out[124] = 116
out[125] = 117
out[126] = 118
out[127] = 119
out[128] = 123
out[129] = 124
out[130] = 125
out[131] = 127
out[132] = 129
out[133] = 129
out[134] = 129
out[135] = 131
out[136] = 132
out[137] = 132
out[138] = 139
out[139] = 140
out[140] = 141
out[141] = 141
out[142] = 142
out[143] = 142
out[144] = 142
out[145] = 142
out[146] = 142
out[147] = 144
out[148] = 145
out[149] = 145
out[150] = 145
out[151] = 146
out[152] = 148
out[153] = 150
out[154] = 152
out[155] = 152
out[156] = 153
out[157] = 153
out[158] = 153
out[159] = 154
out[160] = 154
out[161] = 155
out[162] = 156
out[163] = 157
out[164] = 159
out[165] = 161
out[166] = 161
out[167] = 164
out[168] = 164
out[169] = 168
out[170] = 168
out[171] = 168
out[172] = 169
out[173] = 169
out[174] = 169
out[175] = 170
out[176] = 170
out[177] = 171
out[178] = 173
out[179] = 173
out[180] = 174
out[181] = 175
out[182] = 176
out[183] = 177
out[184] = 179
out[185] = 181
out[186] = 181
out[187] = 182
out[188] = 184
out[189] = 185
out[190] = 185
out[191] = 186
out[192] = 186
out[193] = 187
out[194] = 188
out[195] = 189
out[196] = 190
out[197] = 190
out[198] = 191
out[199] = 191
out[200] = 192
out[201] = 192
out[202] = 193
out[203] = 193
out[204] = 195
out[205] = 195
out[206] = 195
out[207] = 196
out[208] = 196
out[209] = 199
out[210] = 200
out[211] = 200
out[212] = 200
out[213] = 200
out[214] = 202
out[215] = 202
out[216] = 202
out[217] = 205
out[218] = 205
out[219] = 209
out[220] = 212
out[221] = 213
out[222] = 213
out[223] = 213
out[224] = 215
out[225] = 215
out[226] = 216
out[227] = 220
out[228] = 221
out[229] = 221
out[230] = 221
out[231] = 221
out[232] = 222
out[233] = 222
out[234] = 223
out[235] = 224
out[236] = 224
out[237] = 226
out[238] = 227
out[239] = 229
out[240] = 230
out[241] = 232
out[242] = 233
out[243] = 234
out[244] = 235
out[245] = 240
out[246] = 240
out[247] = 245
out[248] = 247
out[249] = 249
out[250] = 249
out[251] = 253
out[252] = 253
out[253] = 255
out[254] = 256
out[255] = 256
out[256] = 257
out[257] = 258
out[258] = 259
out[259] = 260
out[260] = 261
out[261] = 262
out[262] = 262
out[263] = 263
out[264] = 264
out[265] = 264
out[266] = 264
out[267] = 264
out[268] = 264
out[269] = 269
out[270] = 270
out[271] = 270
out[272] = 270
out[273] = 271
out[274] = 272
out[275] = 279
out[276] = 279
out[277] = 281
out[278] = 281
out[279] = 281
out[280] = 282
out[281] = 282
out[282] = 285
out[283] = 285
out[284] = 286
out[285] = 286
out[286] = 287
out[287] = 287
out[288] = 288
out[289] = 288
out[290] = 289
out[291] = 290
out[292] = 291
out[293] = 292
out[294] = 292
out[295] = 292
out[296] = 292
out[297] = 295
out[298] = 296
out[299] = 296
out[300] = 297
out[301] = 297
out[302] = 299
out[303] = 300
out[304] = 302
out[305] = 303
out[306] = 303
out[307] = 303
out[308] = 303
out[309] = 303
out[310] = 306
out[311] = 308
out[312] = 309
out[313] = 309
out[314] = 310
out[315] = 313
out[316] = 313
out[317] = 313
out[318] = 313
out[319] = 313
out[320] = 314
out[321] = 314
out[322] = 314
out[323] = 315
out[324] = 316
out[325] = 316
out[326] = 317
out[327] = 318
out[328] = 318
out[329] = 318
out[330] = 321
out[331] = 322
out[332] = 322
out[333] = 323
out[334] = 323
out[335] = 324
out[336] = 326
out[337] = 328
out[338] = 329
out[339] = 330
out[340] = 333
out[341] = 333
out[342] = 334
out[343] = 334
out[344] = 335
out[345] = 337
out[346] = 337
out[347] = 342
out[348] = 342
out[349] = 343
out[350] = 347
out[351] = 348
out[352] = 350
out[353] = 350
out[354] = 350
out[355] = 350
out[356] = 353
out[357] = 353
out[358] = 355
out[359] = 355
out[360] = 355
out[361] = 355
out[362] = 356
out[363] = 357
out[364] = 357
out[365] = 357
out[366] = 358
out[367] = 359
out[368] = 359
out[369] = 360
out[370] = 361
out[371] = 361
out[372] = 362
out[373] = 363
out[374] = 363
out[375] = 365
out[376] = 368
out[377] = 369
out[378] = 369
out[379] = 370
out[380] = 371
out[381] = 372
out[382] = 374
out[383] = 375
out[384] = 376
out[385] = 380
out[386] = 382
out[387] = 383
out[388] = 384
out[389] = 386
out[390] = 389
out[391] = 391
out[392] = 391
out[393] = 392
out[394] = 392
out[395] = 393
out[396] = 398
out[397] = 401
out[398] = 402
out[399] = 404
out[400] = 405
out[401] = 409
out[402] = 410
out[403] = 410
out[404] = 411
out[405] = 411
out[406] = 413
out[407] = 413
out[408] = 413
out[409] = 414
out[410] = 416
out[411] = 416
out[412] = 416
out[413] = 418
out[414] = 421
out[415] = 421
out[416] = 422
out[417] = 422
out[418] = 423
out[419] = 423
out[420] = 423
out[421] = 423
out[422] = 423
out[423] = 424
out[424] = 425
out[425] = 426
out[426] = 426
out[427] = 428
out[428] = 428
out[429] = 429
out[430] = 430
out[431] = 430
out[432] = 432
out[433] = 433
out[434] = 434
out[435] = 436
out[436] = 437
out[437] = 439
out[438] = 439
out[439] = 439
out[440] = 441
out[441] = 443
out[442] = 446
out[443] = 447
out[444] = 448
out[445] = 450
out[446] = 451
out[447] = 452
out[448] = 454
out[449] = 455
out[450] = 457
out[451] = 457
out[452] = 458
out[453] = 459
out[454] = 460
out[455] = 461
out[456] = 462
out[457] = 463
out[458] = 464
out[459] = 464
out[460] = 466
out[461] = 466
out[462] = 467
out[463] = 467
out[464] = 467
out[465] = 472
out[466] = 472
out[467] = 474
out[468] = 474
out[469] = 476
out[470] = 477
out[471] = 477
out[472] = 477
out[473] = 478
out[474] = 480
out[475] = 481
out[476] = 482
out[477] = 483
out[478] = 483
out[479] = 483
out[480] = 484
out[481] = 484
out[482] = 484
out[483] = 485
out[484] = 485
out[485] = 487
out[486] = 487
out[487] = 488
out[488] = 488
out[489] = 489
out[490] = 489
out[491] = 491
out[492] = 492
out[493] = 493
out[494] = 496
out[495] = 497
out[496] = 498
out[497] = 500
out[498] = 503
out[499] = 503
out[500] = 503
out[501] = 504
out[502] = 505
out[503] = 506
out[504] = 508
out[505] = 508
out[506] = 510
out[507] = 510
out[508] = 511
out[509] = 511
out[510] = 512
out[511] = 512
out[512] = 514
out[513] = 515
out[514] = 515
out[515] = 518
out[516] = 519
out[517] = 519
out[518] = 520
out[519] = 520
out[520] = 523
out[521] = 525
out[522] = 526
out[523] = 527
out[524] = 527
out[525] = 529
out[526] = 529
out[527] = 532
out[528] = 534
out[529] = 535
out[530] = 536
out[531] = 537
out[532] = 537
out[533] = 538
out[534] = 538
out[535] = 538
out[536] = 539
out[537] = 540
out[538] = 540
out[539] = 541
out[540] = 541
out[541] = 541
out[542] = 542
out[543] = 543
out[544] = 543
out[545] = 545
out[546] = 546
out[547] = 547
out[548] = 547
out[549] = 548
out[550] = 548
out[551] = 548
out[552] = 549
out[553] = 549
out[554] = 549
out[555] = 549
out[556] = 550
out[557] = 555
out[558] = 555
out[559] = 556
out[560] = 556
out[561] = 556
out[562] = 556
out[563] = 557
out[564] = 558
out[565] = 559
out[566] = 561
out[567] = 561
out[568] = 565
out[569] = 565
out[570] = 565
out[571] = 565
out[572] = 570
out[573] = 573
out[574] = 574
out[575] = 576
out[576] = 576
out[577] = 577
out[578] = 578
out[579] = 580
out[580] = 584
out[581] = 584
out[582] = 584
out[583] = 585
out[584] = 585
out[585] = 587
out[586] = 588
out[587] = 588
out[588] = 589
out[589] = 589
out[590] = 589
out[591] = 591
out[592] = 591
out[593] = 593
out[594] = 593
out[595] = 595
out[596] = 596
out[597] = 596
out[598] = 598
out[599] = 600
out[600] = 600
out[601] = 600
out[602] = 601
out[603] = 601
out[604] = 601
out[605] = 602
out[606] = 604
out[607] = 604
out[608] = 605
out[609] = 606
out[610] = 607
out[611] = 608
out[612] = 608
out[613] = 609
out[614] = 610
out[615] = 611
out[616] = 616
out[617] = 617
out[618] = 617
out[619] = 617
out[620] = 618
out[621] = 619
out[622] = 619
out[623] = 620
out[624] = 622
out[625] = 623
out[626] = 624
out[627] = 624
out[628] = 625
out[629] = 625
out[630] = 625
out[631] = 625
out[632] = 626
out[633] = 626
out[634] = 626
out[635] = 626
out[636] = 627
out[637] = 627
out[638] = 627
out[639] = 629
out[640] = 629
out[641] = 629
out[642] = 629
out[643] = 634
out[644] = 634
out[645] = 634
out[646] = 635
out[647] = 636
out[648] = 637
out[649] = 637
out[650] = 637
out[651] = 639
out[652] = 641
out[653] = 643
out[654] = 644
out[655] = 646
out[656] = 646
out[657] = 648
out[658] = 648
out[659] = 648
out[660] = 649
out[661] = 650
out[662] = 650
out[663] = 651
out[664] = 651
out[665] = 652
out[666] = 653
out[667] = 654
out[668] = 655
out[669] = 655
out[670] = 657
out[671] = 658
out[672] = 658
out[673] = 659
out[674] = 662
out[675] = 662
out[676] = 662
out[677] = 663
out[678] = 664
out[679] = 667
out[680] = 667
out[681] = 668
out[682] = 668
out[683] = 670
out[684] = 671
out[685] = 673
out[686] = 673
out[687] = 673
out[688] = 674
out[689] = 675
out[690] = 676
out[691] = 676
out[692] = 678
out[693] = 678
out[694] = 678
out[695] = 679
out[696] = 681
out[697] = 683
out[698] = 685
out[699] = 685
out[700] = 686
out[701] = 687
out[702] = 688
out[703] = 689
out[704] = 690
out[705] = 690
out[706] = 692
out[707] = 693
out[708] = 694
out[709] = 694
out[710] = 695
out[711] = 695
out[712] = 696
out[713] = 698
out[714] = 699
out[715] = 700
out[716] = 701
out[717] = 701
out[718] = 702
out[719] = 703
out[720] = 704
out[721] = 704
out[722] = 704
out[723] = 705
out[724] = 705
out[725] = 705
out[726] = 706
out[727] = 710
out[728] = 711
out[729] = 711
out[730] = 712
out[731] = 712
out[732] = 713
out[733] = 716
out[734] = 717
out[735] = 718
out[736] = 718
out[737] = 721
out[738] = 722
out[739] = 723
out[740] = 723
out[741] = 724
out[742] = 724
out[743] = 725
out[744] = 726
out[745] = 726
out[746] = 728
out[747] = 729
out[748] = 734
out[749] = 734
out[750] = 734
out[751] = 734
out[752] = 736
out[753] = 737
out[754] = 740
out[755] = 741
out[756] = 741
out[757] = 745
out[758] = 745
out[759] = 748
out[760] = 748
out[761] = 750
out[762] = 752
out[763] = 753
out[764] = 753
out[765] = 754
out[766] = 756
out[767] = 756
out[768] = 757
out[769] = 757
out[770] = 757
out[771] = 758
out[772] = 758
out[773] = 758
out[774] = 759
out[775] = 759
out[776] = 760
out[777] = 760
out[778] = 762
out[779] = 763
out[780] = 763
out[781] = 763
out[782] = 766
out[783] = 767
out[784] = 769
out[785] = 771
out[786] = 771
out[787] = 773
out[788] = 774
out[789] = 775
out[790] = 777
out[791] = 778
out[792] = 778
out[793] = 781
out[794] = 783
out[795] = 783
out[796] = 786
out[797] = 786
out[798] = 787
out[799] = 788
out[800] = 788
out[801] = 789
out[802] = 790
out[803] = 790
out[804] = 796
out[805] = 798
out[806] = 798
out[807] = 798
out[808] = 800
out[809] = 801
out[810] = 802
out[811] = 805
out[812] = 807
out[813] = 808
out[814] = 811
out[815] = 812
out[816] = 813
out[817] = 813
out[818] = 814
out[819] = 815
out[820] = 815
out[821] = 815
out[822] = 818
out[823] = 818
out[824] = 823
out[825] = 824
out[826] = 824
out[827] = 825
out[828] = 825
out[829] = 827
out[830] = 827
out[831] = 829
out[832] = 829
out[833] = 829
out[834] = 831
out[835] = 831
out[836] = 832
out[837] = 832
out[838] = 833
out[839] = 833
out[840] = 833
out[841] = 835
out[842] = 836
out[843] = 838
out[844] = 840
out[845] = 841
out[846] = 842
out[847] = 843
out[848] = 844
out[849] = 844
out[850] = 847
out[851] = 848
out[852] = 850
out[853] = 850
out[854] = 851
out[855] = 851
out[856] = 853
out[857] = 855
out[858] = 855
out[859] = 855
out[860] = 858
out[861] = 859
out[862] = 861
out[863] = 864
out[864] = 865
out[865] = 866
out[866] = 867
out[867] = 868
out[868] = 869
out[869] = 869
out[870] = 869
out[871] = 869
out[872] = 869
out[873] = 870
out[874] = 870
out[875] = 874
out[876] = 875
out[877] = 875
out[878] = 877
out[879] = 878
out[880] = 881
out[881] = 881
out[882] = 882
out[883] = 885
out[884] = 886
out[885] = 887
out[886] = 888
out[887] = 888
out[888] = 890
out[889] = 892
out[890] = 893
out[891] = 893
out[892] = 894
out[893] = 895
out[894] = 896
out[895] = 896
out[896] = 898
out[897] = 900
out[898] = 900
out[899] = 900
out[900] = 900
out[901] = 901
out[902] = 902
out[903] = 902
out[904] = 902
out[905] = 903
out[906] = 905
out[907] = 909
out[908] = 909
out[909] = 911
out[910] = 912
out[911] = 912
out[912] = 913
out[913] = 913
out[914] = 913
out[915] = 923
out[916] = 923
out[917] = 924
out[918] = 924
out[919] = 924
out[920] = 926
out[921] = 928
out[922] = 929
out[923] = 930
out[924] = 931
out[925] = 932
out[926] = 932
out[927] = 932
out[928] = 934
out[929] = 935
out[930] = 936
out[931] = 937
out[932] = 938
out[933] = 938
out[934] = 938
out[935] = 940
out[936] = 941
out[937] = 941
out[938] = 942
out[939] = 942
out[940] = 943
out[941] = 944
out[942] = 944
out[943] = 944
out[944] = 945
out[945] = 945
out[946] = 945
out[947] = 946
out[948] = 948
out[949] = 948
out[950] = 949
out[951] = 949
out[952] = 951
out[953] = 954
out[954] = 954
out[955] = 954
out[956] = 955
out[957] = 956
out[958] = 958
out[959] = 958
out[960] = 958
out[961] = 959
out[962] = 961
out[963] = 961
out[964] = 962
out[965] = 962
out[966] = 962
out[967] = 962
out[968] = 963
out[969] = 964
out[970] = 966
out[971] = 966
out[972] = 969
out[973] = 970
out[974] = 971
out[975] = 971
out[976] = 971
out[977] = 972
out[978] = 972
out[979] = 974
out[980] = 974
out[981] = 975
out[982] = 976
out[983] = 977
out[984] = 977
out[985] = 982
out[986] = 985
out[987] = 985
out[988] = 986
out[989] = 989
out[990] = 990
out[991] = 992
out[992] = 993
out[993] = 993
out[994] = 994
out[995] = 995
out[996] = 996
out[997] = 997
out[998] = 998
out[999] = 999
INFO: [COSIM-1000] *** C/RTL co-simulation finished: PASS ***
INFO: [COSIM-211] II is measurable only when transaction number is greater than 1 in RTL simulation. Otherwise, they will be marked as all NA. If user wants to calculate them, please make sure there are at least 2 transactions in RTL simulation.
