

================================================================
== Vivado HLS Report for 'cordic'
================================================================
* Date:           Mon Jan 21 16:09:25 2019

* Version:        2017.4 (Build 2086221 on Fri Dec 15 21:13:33 MST 2017)
* Project:        cordic_chap3
* Solution:       solution1
* Product family: zynq
* Target device:  xc7z030sbv485-3


================================================================
== Performance Estimates
================================================================
+ Timing (ns): 
    * Summary: 
    +--------+-------+----------+------------+
    |  Clock | Target| Estimated| Uncertainty|
    +--------+-------+----------+------------+
    |ap_clk  |  10.00|      6.53|        1.25|
    +--------+-------+----------+------------+

+ Latency (clock cycles): 
    * Summary: 
    +-----+-----+-----+-----+---------+
    |  Latency  |  Interval | Pipeline|
    | min | max | min | max |   Type  |
    +-----+-----+-----+-----+---------+
    |    4|    4|    4|    4|   none  |
    +-----+-----+-----+-----+---------+

    + Detail: 
        * Instance: 
        N/A

        * Loop: 
        N/A



================================================================
== Utilization Estimates
================================================================
* Summary: 
+-----------------+---------+-------+--------+-------+
|       Name      | BRAM_18K| DSP48E|   FF   |  LUT  |
+-----------------+---------+-------+--------+-------+
|DSP              |        -|      -|       -|      -|
|Expression       |        -|      -|       0|   1084|
|FIFO             |        -|      -|       -|      -|
|Instance         |        -|      -|       -|      -|
|Memory           |        -|      -|       -|      -|
|Multiplexer      |        -|      -|       -|     33|
|Register         |        -|      -|     109|      -|
+-----------------+---------+-------+--------+-------+
|Total            |        0|      0|     109|   1117|
+-----------------+---------+-------+--------+-------+
|Available        |      530|    400|  157200|  78600|
+-----------------+---------+-------+--------+-------+
|Utilization (%)  |        0|      0|   ~0   |      1|
+-----------------+---------+-------+--------+-------+

+ Detail: 
    * Instance: 
    N/A

    * DSP48: 
    N/A

    * Memory: 
    N/A

    * FIFO: 
    N/A

    * Expression: 
    +---------------------------+----------+-------+---+----+------------+------------+
    |       Variable Name       | Operation| DSP48E| FF| LUT| Bitwidth P0| Bitwidth P1|
    +---------------------------+----------+-------+---+----+------------+------------+
    |p_Val2_10_1_fu_220_p2      |     +    |      0|  0|  19|          12|          12|
    |p_Val2_10_2_fu_330_p2      |     +    |      0|  0|  19|          12|          12|
    |p_Val2_10_3_fu_344_p2      |     +    |      0|  0|  19|          12|          12|
    |p_Val2_10_4_fu_358_p2      |     +    |      0|  0|  19|          12|          12|
    |p_Val2_10_5_fu_372_p2      |     +    |      0|  0|  19|          12|          12|
    |p_Val2_10_6_fu_386_p2      |     +    |      0|  0|  19|          12|          12|
    |p_Val2_10_7_fu_400_p2      |     +    |      0|  0|  19|          12|          12|
    |p_Val2_10_8_fu_414_p2      |     +    |      0|  0|  19|          12|          12|
    |p_Val2_10_9_fu_428_p2      |     +    |      0|  0|  19|          12|          12|
    |p_Val2_7_1_fu_210_p2       |     +    |      0|  0|  18|          11|          11|
    |p_Val2_7_2_fu_324_p2       |     +    |      0|  0|  19|          12|          12|
    |p_Val2_7_3_fu_517_p2       |     +    |      0|  0|  19|          12|          12|
    |p_Val2_7_4_fu_602_p2       |     +    |      0|  0|  19|          12|          12|
    |p_Val2_7_5_fu_683_p2       |     +    |      0|  0|  19|          12|          12|
    |p_Val2_7_6_fu_784_p2       |     +    |      0|  0|  19|          12|          12|
    |p_Val2_7_7_fu_881_p2       |     +    |      0|  0|  19|          12|          12|
    |p_Val2_7_8_fu_982_p2       |     +    |      0|  0|  19|          12|          12|
    |p_Val2_7_9_fu_1079_p2      |     +    |      0|  0|  19|          12|          12|
    |p_Val2_s_fu_146_p2         |     +    |      0|  0|  19|          12|          11|
    |s_V                        |     +    |      0|  0|  19|          12|          12|
    |c_V                        |     -    |      0|  0|  19|          12|          12|
    |mt7_2_fu_280_p2            |     -    |      0|  0|  18|           1|          11|
    |mt7_3_fu_477_p2            |     -    |      0|  0|  19|           1|          12|
    |mt7_4_fu_559_p2            |     -    |      0|  0|  19|           1|          12|
    |mt7_5_fu_643_p2            |     -    |      0|  0|  19|           1|          12|
    |mt7_6_fu_737_p2            |     -    |      0|  0|  20|           1|          13|
    |mt7_7_fu_836_p2            |     -    |      0|  0|  20|           1|          13|
    |mt7_8_fu_935_p2            |     -    |      0|  0|  20|           1|          13|
    |mt7_9_fu_1034_p2           |     -    |      0|  0|  20|           1|          13|
    |mt7_s_fu_1133_p2           |     -    |      0|  0|  20|           1|          13|
    |mt_2_fu_238_p2             |     -    |      0|  0|  18|           1|          11|
    |mt_3_fu_442_p2             |     -    |      0|  0|  19|           1|          12|
    |mt_4_fu_522_p2             |     -    |      0|  0|  19|           1|          12|
    |mt_5_fu_608_p2             |     -    |      0|  0|  19|           1|          12|
    |mt_6_fu_692_p2             |     -    |      0|  0|  20|           1|          13|
    |mt_7_fu_793_p2             |     -    |      0|  0|  20|           1|          13|
    |mt_8_fu_890_p2             |     -    |      0|  0|  20|           1|          13|
    |mt_9_fu_991_p2             |     -    |      0|  0|  20|           1|          13|
    |mt_s_fu_1088_p2            |     -    |      0|  0|  20|           1|          13|
    |p_Val2_4_1_fu_200_p2       |     -    |      0|  0|  17|          10|          10|
    |p_Val2_4_2_fu_318_p2       |     -    |      0|  0|  19|          12|          12|
    |p_Val2_4_3_fu_512_p2       |     -    |      0|  0|  19|          12|          12|
    |p_Val2_4_4_fu_596_p2       |     -    |      0|  0|  19|          12|          12|
    |p_Val2_4_5_fu_678_p2       |     -    |      0|  0|  19|          12|          12|
    |p_Val2_4_6_fu_778_p2       |     -    |      0|  0|  19|          12|          12|
    |p_Val2_4_7_fu_876_p2       |     -    |      0|  0|  19|          12|          12|
    |p_Val2_4_8_fu_976_p2       |     -    |      0|  0|  19|          12|          12|
    |p_Val2_4_9_fu_1074_p2      |     -    |      0|  0|  19|          12|          12|
    |OP1_V_2_1_fu_176_p3        |  select  |      0|  0|  10|           1|          10|
    |mt7_1_fu_184_p3            |  select  |      0|  0|  10|           1|           9|
    |p_Val2_7_fu_138_p3         |  select  |      0|  0|  11|           1|          11|
    |r_V_1_1_fu_192_p3          |  select  |      0|  0|  10|           1|          10|
    |tmp_10_fu_306_p3           |  select  |      0|  0|   9|           1|           9|
    |tmp_16_v_fu_466_p3         |  select  |      0|  0|   9|           1|           9|
    |tmp_22_v_fu_501_p3         |  select  |      0|  0|   9|           1|           9|
    |tmp_28_v_fu_548_p3         |  select  |      0|  0|   8|           1|           8|
    |tmp_34_v_fu_585_p3         |  select  |      0|  0|   8|           1|           8|
    |tmp_40_v_fu_632_p3         |  select  |      0|  0|   7|           1|           7|
    |tmp_43_fu_722_p3           |  select  |      0|  0|   7|           1|           7|
    |tmp_46_v_fu_667_p3         |  select  |      0|  0|   7|           1|           7|
    |tmp_49_fu_767_p3           |  select  |      0|  0|   7|           1|           7|
    |tmp_4_cast_cast_fu_168_p3  |  select  |      0|  0|  10|           1|          10|
    |tmp_56_fu_822_p3           |  select  |      0|  0|   6|           1|           6|
    |tmp_5_fu_268_p3            |  select  |      0|  0|   9|           1|           9|
    |tmp_60_fu_865_p3           |  select  |      0|  0|   6|           1|           6|
    |tmp_65_fu_920_p3           |  select  |      0|  0|   5|           1|           5|
    |tmp_69_fu_965_p3           |  select  |      0|  0|   5|           1|           5|
    |tmp_74_fu_1020_p3          |  select  |      0|  0|   4|           1|           4|
    |tmp_78_fu_1063_p3          |  select  |      0|  0|   4|           1|           4|
    |tmp_83_fu_1118_p3          |  select  |      0|  0|   3|           1|           3|
    |tmp_87_fu_1163_p3          |  select  |      0|  0|   3|           1|           3|
    +---------------------------+----------+-------+---+----+------------+------------+
    |Total                      |          |      0|  0|1084|         398|         746|
    +---------------------------+----------+-------+---+----+------------+------------+

    * Multiplexer: 
    +-----------+----+-----------+-----+-----------+
    |    Name   | LUT| Input Size| Bits| Total Bits|
    +-----------+----+-----------+-----+-----------+
    |ap_NS_fsm  |  33|          6|    1|          6|
    +-----------+----+-----------+-----+-----------+
    |Total      |  33|          6|    1|          6|
    +-----------+----+-----------+-----+-----------+

    * Register: 
    +---------------------+----+----+-----+-----------+
    |         Name        | FF | LUT| Bits| Const Bits|
    +---------------------+----+----+-----+-----------+
    |ap_CS_fsm            |   5|   0|    5|          0|
    |p_Val2_4_2_reg_1188  |  12|   0|   12|          0|
    |p_Val2_4_4_reg_1250  |  12|   0|   12|          0|
    |p_Val2_4_6_reg_1264  |  12|   0|   12|          0|
    |p_Val2_4_8_reg_1278  |  12|   0|   12|          0|
    |p_Val2_7_2_reg_1195  |  12|   0|   12|          0|
    |p_Val2_7_4_reg_1257  |  12|   0|   12|          0|
    |p_Val2_7_6_reg_1271  |  12|   0|   12|          0|
    |p_Val2_7_8_reg_1285  |  12|   0|   12|          0|
    |tmp_16_reg_1202      |   1|   0|    1|          0|
    |tmp_22_reg_1208      |   1|   0|    1|          0|
    |tmp_29_reg_1214      |   1|   0|    1|          0|
    |tmp_37_reg_1220      |   1|   0|    1|          0|
    |tmp_50_reg_1226      |   1|   0|    1|          0|
    |tmp_61_reg_1232      |   1|   0|    1|          0|
    |tmp_70_reg_1238      |   1|   0|    1|          0|
    |tmp_79_reg_1244      |   1|   0|    1|          0|
    +---------------------+----+----+-----+-----------+
    |Total                | 109|   0|  109|          0|
    +---------------------+----+----+-----+-----------+



================================================================
== Interface
================================================================
* Summary: 
+------------+-----+-----+------------+--------------+--------------+
|  RTL Ports | Dir | Bits|  Protocol  | Source Object|    C Type    |
+------------+-----+-----+------------+--------------+--------------+
|ap_clk      |  in |    1| ap_ctrl_hs |    cordic    | return value |
|ap_rst      |  in |    1| ap_ctrl_hs |    cordic    | return value |
|ap_start    |  in |    1| ap_ctrl_hs |    cordic    | return value |
|ap_done     | out |    1| ap_ctrl_hs |    cordic    | return value |
|ap_idle     | out |    1| ap_ctrl_hs |    cordic    | return value |
|ap_ready    | out |    1| ap_ctrl_hs |    cordic    | return value |
|theta_V     |  in |   12|   ap_none  |    theta_V   |    scalar    |
|s_V         | out |   12|   ap_vld   |      s_V     |    pointer   |
|s_V_ap_vld  | out |    1|   ap_vld   |      s_V     |    pointer   |
|c_V         | out |   12|   ap_vld   |      c_V     |    pointer   |
|c_V_ap_vld  | out |    1|   ap_vld   |      c_V     |    pointer   |
+------------+-----+-----+------------+--------------+--------------+

