#-----------------------------------------------------------
# Vivado v2017.4 (64-bit)
# SW Build 2086221 on Fri Dec 15 20:55:39 MST 2017
# IP Build 2085800 on Fri Dec 15 22:25:07 MST 2017
# Start of session at: Fri Jun 29 15:46:23 2018
# Process ID: 2988
# Current directory: C:/Users/vsananda/work/bubble_sort/solution1/sim/verilog
# Command line: vivado.exe -source open_wave.tcl
# Log file: C:/Users/vsananda/work/bubble_sort/solution1/sim/verilog/vivado.log
# Journal file: C:/Users/vsananda/work/bubble_sort/solution1/sim/verilog\vivado.jou
#-----------------------------------------------------------
start_gui
source open_wave.tcl
# current_fileset
INFO: [IP_Flow 19-234] Refreshing IP repositories
INFO: [IP_Flow 19-1704] No user IP repositories specified
INFO: [IP_Flow 19-2313] Loaded Vivado IP repository 'C:/Xilinx/Vivado/2017.4/data/ip'.
# open_wave_database sort.wdb
open_wave_config C:/Users/vsananda/work/bubble_sort/solution1/sim/verilog/sort.wcfg
open_wave_config: Time (s): cpu = 00:00:13 ; elapsed = 00:00:15 . Memory (MB): peak = 738.957 ; gain = 0.000
open_wave_database: Time (s): cpu = 00:00:16 ; elapsed = 00:00:17 . Memory (MB): peak = 738.957 ; gain = 0.000
save_wave_config {C:/Users/vsananda/work/bubble_sort/solution1/sim/verilog/sort.wcfg}
close_sim
INFO: [Simtcl 6-16] Simulation closed
exit
INFO: [Common 17-206] Exiting Vivado at Fri Jun 29 15:48:48 2018...
