INFO: [XSIM 43-3496] Using init file passed via -initfile option "C:/Xilinx/Vivado/2017.4/data/xsim/ip/xsim_ip.ini".
Vivado Simulator 2017.4
Copyright 1986-1999, 2001-2016 Xilinx, Inc. All Rights Reserved.
Running: C:/Xilinx/Vivado/2017.4/bin/unwrapped/win64.o/xelab.exe xil_defaultlib.apatb_sort_top glbl -prj sort.prj -L smartconnect_v1_0 -L axi_protocol_checker_v1_1_12 -L axi_protocol_checker_v1_1_13 -L axis_protocol_checker_v1_1_11 -L axis_protocol_checker_v1_1_12 -L xil_defaultlib -L unisims_ver --initfile C:/Xilinx/Vivado/2017.4/data/xsim/ip/xsim_ip.ini --lib ieee_proposed=./ieee_proposed -s sort -debug wave 
Multi-threading is on. Using 2 slave threads.
INFO: [VRFC 10-2263] Analyzing SystemVerilog file "C:/Users/vsananda/work/bubble_sort/solution1/sim/verilog/glbl.v" into library work
INFO: [VRFC 10-311] analyzing module glbl
INFO: [VRFC 10-2263] Analyzing SystemVerilog file "C:/Users/vsananda/work/bubble_sort/solution1/sim/verilog/AESL_automem_a.v" into library xil_defaultlib
INFO: [VRFC 10-311] analyzing module AESL_automem_a
INFO: [VRFC 10-2263] Analyzing SystemVerilog file "C:/Users/vsananda/work/bubble_sort/solution1/sim/verilog/AESL_automem_out_r.v" into library xil_defaultlib
INFO: [VRFC 10-311] analyzing module AESL_automem_out_r
INFO: [VRFC 10-2263] Analyzing SystemVerilog file "C:/Users/vsananda/work/bubble_sort/solution1/sim/verilog/sort.autotb.v" into library xil_defaultlib
INFO: [VRFC 10-311] analyzing module apatb_sort_top
INFO: [VRFC 10-2263] Analyzing SystemVerilog file "C:/Users/vsananda/work/bubble_sort/solution1/sim/verilog/sort.v" into library xil_defaultlib
INFO: [VRFC 10-311] analyzing module sort
Starting static elaboration
Completed static elaboration
Starting simulation data flow analysis
Completed simulation data flow analysis
Time Resolution for simulation is 1ps
Compiling module xil_defaultlib.sort
Compiling module xil_defaultlib.AESL_automem_a
Compiling module xil_defaultlib.AESL_automem_out_r
Compiling module xil_defaultlib.apatb_sort_top
Compiling module work.glbl
Built simulation snapshot sort
