#-----------------------------------------------------------
# Vivado v2017.4 (64-bit)
# SW Build 2086221 on Fri Dec 15 20:55:39 MST 2017
# IP Build 2085800 on Fri Dec 15 22:25:07 MST 2017
# Start of session at: Fri Jun 29 14:36:24 2018
# Process ID: 1544
# Current directory: C:/Users/vsananda/work/add/solution1/sim/verilog
# Command line: vivado.exe -source open_wave.tcl
# Log file: C:/Users/vsananda/work/add/solution1/sim/verilog/vivado.log
# Journal file: C:/Users/vsananda/work/add/solution1/sim/verilog\vivado.jou
#-----------------------------------------------------------
start_gui
source open_wave.tcl
# current_fileset
INFO: [IP_Flow 19-234] Refreshing IP repositories
INFO: [IP_Flow 19-1704] No user IP repositories specified
INFO: [IP_Flow 19-2313] Loaded Vivado IP repository 'C:/Xilinx/Vivado/2017.4/data/ip'.
# open_wave_database add.wdb
open_wave_config C:/Users/vsananda/work/add/solution1/sim/verilog/add.wcfg
add_wave {{/apatb_add_top/AESL_inst_add/ap_CS_fsm}} 
add_wave {{/apatb_add_top/AESL_inst_add/ap_CS_fsm_state3}} 
add_wave {{/apatb_add_top/AESL_inst_add/ap_CS_fsm_state2}} 
save_wave_config {C:/Users/vsananda/work/add/solution1/sim/verilog/add.wcfg}
close_sim
INFO: [Simtcl 6-16] Simulation closed
exit
INFO: [Common 17-206] Exiting Vivado at Fri Jun 29 14:46:04 2018...
