

================================================================
== Vivado HLS Report for 'sub_func'
================================================================
* Date:           Fri Jun 29 16:12:35 2018

* Version:        2017.4 (Build 2086221 on Fri Dec 15 21:13:33 MST 2017)
* Project:        proj_loop_functions
* Solution:       solution1
* Product family: zynq
* Target device:  xc7z020clg484-1


================================================================
== Performance Estimates
================================================================
+ Timing (ns): 
    * Summary: 
    +--------+-------+----------+------------+
    |  Clock | Target| Estimated| Uncertainty|
    +--------+-------+----------+------------+
    |ap_clk  |  25.00|      6.66|        3.13|
    +--------+-------+----------+------------+

+ Latency (clock cycles): 
    * Summary: 
    +-----+-----+-----+-----+---------+
    |  Latency  |  Interval | Pipeline|
    | min | max | min | max |   Type  |
    +-----+-----+-----+-----+---------+
    |    1|   63|    1|   63|   none  |
    +-----+-----+-----+-----+---------+

    + Detail: 
        * Instance: 
        N/A

        * Loop: 
        +----------+-----+-----+----------+-----------+-----------+--------+----------+
        |          |  Latency  | Iteration|  Initiation Interval  |  Trip  |          |
        | Loop Name| min | max |  Latency |  achieved |   target  |  Count | Pipelined|
        +----------+-----+-----+----------+-----------+-----------+--------+----------+
        |- SUM     |    0|   62|         2|          -|          -| 0 ~ 31 |    no    |
        +----------+-----+-----+----------+-----------+-----------+--------+----------+



================================================================
== Utilization Estimates
================================================================
* Summary: 
+-----------------+---------+-------+--------+-------+
|       Name      | BRAM_18K| DSP48E|   FF   |  LUT  |
+-----------------+---------+-------+--------+-------+
|DSP              |        -|      -|       -|      -|
|Expression       |        -|      -|       0|     46|
|FIFO             |        -|      -|       -|      -|
|Instance         |        -|      -|       -|      -|
|Memory           |        -|      -|       -|      -|
|Multiplexer      |        -|      -|       -|     39|
|Register         |        -|      -|      31|      -|
+-----------------+---------+-------+--------+-------+
|Total            |        0|      0|      31|     85|
+-----------------+---------+-------+--------+-------+
|Available        |      280|    220|  106400|  53200|
+-----------------+---------+-------+--------+-------+
|Utilization (%)  |        0|      0|   ~0   |   ~0  |
+-----------------+---------+-------+--------+-------+

+ Detail: 
    * Instance: 
    N/A

    * DSP48: 
    N/A

    * Memory: 
    N/A

    * FIFO: 
    N/A

    * Expression: 
    +-------------------+----------+-------+---+----+------------+------------+
    |   Variable Name   | Operation| DSP48E| FF| LUT| Bitwidth P0| Bitwidth P1|
    +-------------------+----------+-------+---+----+------------+------------+
    |O_d0               |     +    |      0|  0|  20|          13|          13|
    |i_1_fu_82_p2       |     +    |      0|  0|  15|           5|           1|
    |exitcond_fu_77_p2  |   icmp   |      0|  0|  11|           5|           5|
    +-------------------+----------+-------+---+----+------------+------------+
    |Total              |          |      0|  0|  46|          23|          19|
    +-------------------+----------+-------+---+----+------------+------------+

    * Multiplexer: 
    +--------------+----+-----------+-----+-----------+
    |     Name     | LUT| Input Size| Bits| Total Bits|
    +--------------+----+-----------+-----+-----------+
    |accum_reg_65  |   9|          2|   13|         26|
    |ap_NS_fsm     |  21|          4|    1|          4|
    |i_reg_54      |   9|          2|    5|         10|
    +--------------+----+-----------+-----+-----------+
    |Total         |  39|          8|   19|         40|
    +--------------+----+-----------+-----+-----------+

    * Register: 
    +---------------+----+----+-----+-----------+
    |      Name     | FF | LUT| Bits| Const Bits|
    +---------------+----+----+-----+-----------+
    |accum_reg_65   |  13|   0|   13|          0|
    |ap_CS_fsm      |   3|   0|    3|          0|
    |i_1_reg_112    |   5|   0|    5|          0|
    |i_reg_54       |   5|   0|    5|          0|
    |tmp_1_reg_117  |   5|   0|   64|         59|
    +---------------+----+----+-----+-----------+
    |Total          |  31|   0|   90|         59|
    +---------------+----+----+-----+-----------+



================================================================
== Interface
================================================================
* Summary: 
+------------+-----+-----+------------+--------------+--------------+
|  RTL Ports | Dir | Bits|  Protocol  | Source Object|    C Type    |
+------------+-----+-----+------------+--------------+--------------+
|ap_clk      |  in |    1| ap_ctrl_hs |   sub_func   | return value |
|ap_rst      |  in |    1| ap_ctrl_hs |   sub_func   | return value |
|ap_start    |  in |    1| ap_ctrl_hs |   sub_func   | return value |
|ap_done     | out |    1| ap_ctrl_hs |   sub_func   | return value |
|ap_idle     | out |    1| ap_ctrl_hs |   sub_func   | return value |
|ap_ready    | out |    1| ap_ctrl_hs |   sub_func   | return value |
|I_address0  | out |    5|  ap_memory |       I      |     array    |
|I_ce0       | out |    1|  ap_memory |       I      |     array    |
|I_q0        |  in |    8|  ap_memory |       I      |     array    |
|O_address0  | out |    5|  ap_memory |       O      |     array    |
|O_ce0       | out |    1|  ap_memory |       O      |     array    |
|O_we0       | out |    1|  ap_memory |       O      |     array    |
|O_d0        | out |   13|  ap_memory |       O      |     array    |
|limit       |  in |    5|   ap_none  |     limit    |    scalar    |
+------------+-----+-----+------------+--------------+--------------+

