INFO: [HLS 200-0] Workspace /home/centos/src/vivado-hls/add/solution1 opened at Fri Jan 18 16:51:25 CST 2019
Execute     config_clock -quiet -name default -period 10 -default=false 
INFO: [SYN 201-201] Setting up clock 'default' with a period of 10ns.
Command     config_clock returned 0; 0 sec.
Execute     open_platform DefaultPlatform 
Command     open_platform returned 0; 0 sec.
Execute     import_lib /opt/Xilinx/Vivado/2017.4.op/common/technology/xilinx/virtexuplus/virtexuplus 
Execute       source /opt/Xilinx/Vivado/2017.4.op/common/technology/xilinx/common/xilinx.lib 
Execute         source /opt/Xilinx/Vivado/2017.4.op/common/technology/xilinx/interface/xilinx_interface.lib 
Execute           source /opt/Xilinx/Vivado/2017.4.op/common/technology/xilinx/interface/plb46.lib 
Command           ap_source returned 0; 0 sec.
Execute           source /opt/Xilinx/Vivado/2017.4.op/common/technology/xilinx/interface/fsl.lib 
Command           ap_source returned 0; 0 sec.
Execute           source /opt/Xilinx/Vivado/2017.4.op/common/technology/xilinx/interface/axi4.lib 
Command           ap_source returned 0; 0 sec.
Execute           source /opt/Xilinx/Vivado/2017.4.op/common/technology/xilinx/interface/maxi.lib 
Command           ap_source returned 0; 0 sec.
Execute           source /opt/Xilinx/Vivado/2017.4.op/common/technology/xilinx/interface/saxilite.lib 
Command           ap_source returned 0; 0 sec.
Command         ap_source returned 0; 0 sec.
Execute         source /opt/Xilinx/Vivado/2017.4.op/common/technology/xilinx/common/dsp48.lib 
Command         ap_source returned 0; 0 sec.
Execute         source /opt/Xilinx/Vivado/2017.4.op/common/technology/xilinx/ip/dds_compiler.lib 
Command         ap_source returned 0; 0 sec.
Execute         source /opt/Xilinx/Vivado/2017.4.op/common/technology/xilinx/ip/xfft.lib 
Command         ap_source returned 0; 0 sec.
Execute         source /opt/Xilinx/Vivado/2017.4.op/common/technology/xilinx/ip/xfir.lib 
Command         ap_source returned 0; 0 sec.
Command       ap_source returned 0; 0.01 sec.
Execute       source /opt/Xilinx/Vivado/2017.4.op/common/technology/xilinx/common/xilinx_old.lib 
Command       ap_source returned 0; 0 sec.
Execute       source /opt/Xilinx/Vivado/2017.4.op/common/technology/xilinx/common/xilinx_vivado.lib 
Command       ap_source returned 0; 0 sec.
Execute       source /opt/Xilinx/Vivado/2017.4.op/common/technology/xilinx/common/xilinx.hlp 
Execute         source /opt/Xilinx/Vivado/2017.4.op/common/technology/xilinx/common/target_info.tcl 
Command         ap_source returned 0; 0 sec.
Execute         source /opt/Xilinx/Vivado/2017.4.op/common/technology/xilinx/interface/xilinx_interface.hlp 
Execute           source /opt/Xilinx/Vivado/2017.4.op/common/technology/xilinx/interface/maxi.hlp 
Command           ap_source returned 0; 0 sec.
Execute           source /opt/Xilinx/Vivado/2017.4.op/common/technology/xilinx/interface/saxilite.hlp 
Command           ap_source returned 0; 0 sec.
Command         ap_source returned 0; 0 sec.
Execute         source /opt/Xilinx/Vivado/2017.4.op/common/technology/xilinx/common/dsp48.hlp 
Command         ap_source returned 0; 0 sec.
Command       ap_source returned 0; 0.01 sec.
Execute       source /opt/Xilinx/Vivado/2017.4.op/common/technology/xilinx/virtexuplus/dsp48e2.hlp 
Command       ap_source returned 0; 0 sec.
Execute       get_default_platform 
Command       get_default_platform returned 0; 0 sec.
Execute       config_chip_info -quiet -resource  {SLICE 98520}  {LUT 788160}    {FF 1576320} {DSP48E 4560}  {BRAM 2880} {URAM 640}  
Command       config_chip_info returned 0; 0 sec.
Execute       config_chip_info -quiet -speed medium 
Command       config_chip_info returned 0; 0 sec.
Execute       source /opt/Xilinx/Vivado/2017.4.op/common/technology/xilinx/common/xilinx.hlp 
Execute         source /opt/Xilinx/Vivado/2017.4.op/common/technology/xilinx/common/target_info.tcl 
Command         ap_source returned 0; 0 sec.
Execute         source /opt/Xilinx/Vivado/2017.4.op/common/technology/xilinx/interface/xilinx_interface.hlp 
Execute           source /opt/Xilinx/Vivado/2017.4.op/common/technology/xilinx/interface/maxi.hlp 
Command           ap_source returned 0; 0 sec.
Execute           source /opt/Xilinx/Vivado/2017.4.op/common/technology/xilinx/interface/saxilite.hlp 
Command           ap_source returned 0; 0 sec.
Command         ap_source returned 0; 0 sec.
Execute         source /opt/Xilinx/Vivado/2017.4.op/common/technology/xilinx/common/dsp48.hlp 
Command         ap_source returned 0; 0 sec.
Command       ap_source returned 0; 0 sec.
Command     import_lib returned 0; 0.02 sec.
Execute     source /opt/Xilinx/Vivado/2017.4.op/common/technology/xilinx/virtexuplus/virtexuplus.gen 
Execute       source /opt/Xilinx/Vivado/2017.4.op/common/technology/xilinx/common/virtex.gen 
Execute         source /opt/Xilinx/Vivado/2017.4.op/common/technology/xilinx/common/xilinx.gen 
Execute           source /opt/Xilinx/Vivado/2017.4.op/common/technology/xilinx/interface/plb46.gen 
Command           ap_source returned 0; 0 sec.
Execute           source /opt/Xilinx/Vivado/2017.4.op/common/technology/xilinx/interface/fsl.gen 
Command           ap_source returned 0; 0 sec.
Execute           source /opt/Xilinx/Vivado/2017.4.op/common/technology/xilinx/interface/axi4.gen 
Command           ap_source returned 0; 0 sec.
Execute           source /opt/Xilinx/Vivado/2017.4.op/common/technology/xilinx/interface/nativeAXI4.gen 
Execute             source /opt/Xilinx/Vivado/2017.4.op/common/technology/xilinx/interface/saxilite.gen 
Command             ap_source returned 0; 0 sec.
Execute             source /opt/Xilinx/Vivado/2017.4.op/common/technology/xilinx/interface/maxi.gen 
Command             ap_source returned 0; 0.01 sec.
Command           ap_source returned 0; 0.01 sec.
Execute           source /opt/Xilinx/Vivado/2017.4.op/common/technology/xilinx/scripts/xilinxcoregen.gen 
Command           ap_source returned 0; 0.01 sec.
Execute           source /opt/Xilinx/Vivado/2017.4.op/common/technology/xilinx/interface/XilEDKCoreGen.gen 
Command           ap_source returned 0; 0.01 sec.
Execute           source /opt/Xilinx/Vivado/2017.4.op/common/technology/xilinx/ip/dds_compiler.gen 
Command           ap_source returned 0; 0 sec.
Execute           source /opt/Xilinx/Vivado/2017.4.op/common/technology/xilinx/ip/util.gen 
Command           ap_source returned 0; 0 sec.
Execute           source /opt/Xilinx/Vivado/2017.4.op/common/technology/xilinx/ip/xfft.gen 
Command           ap_source returned 0; 0.14 sec.
Execute           source /opt/Xilinx/Vivado/2017.4.op/common/technology/xilinx/ip/xfir.gen 
Command           ap_source returned 0; 0 sec.
Command         ap_source returned 0; 0.17 sec.
Execute         source /opt/Xilinx/Vivado/2017.4.op/common/technology/xilinx/common/dsp48.gen 
Command         ap_source returned 0; 0 sec.
Command       ap_source returned 0; 0.2 sec.
Command     ap_source returned 0; 0.2 sec.
Execute     set_part xcvu9p-fsgd2104-3-e-es1 
Execute       add_library xilinx/virtexuplus/virtexuplus:xcvu9p:-fsgd2104:-3-e-es1 
Execute         get_default_platform 
Command         get_default_platform returned 0; 0 sec.
Execute         license_isbetapart xcvu9p-es1 
Command         license_isbetapart returned 1; 0.02 sec.
Execute         get_default_platform 
Command         get_default_platform returned 0; 0 sec.
Execute         config_chip_info -quiet -resource  {SLICE 147780} {LUT 1182240}   {FF 2364480} {DSP48E 6840}  {BRAM 4320} {URAM 960}  
Command         config_chip_info returned 0; 0 sec.
Execute         config_chip_info -quiet -speed fast 
Command         config_chip_info returned 0; 0 sec.
Command       add_library returned 0; 0.03 sec.
Execute       add_library xilinx/virtexuplus/virtexuplus_fpv7 
Execute         get_default_platform 
Command         get_default_platform returned 0; 0 sec.
Execute         open_platform DefaultPlatform 
Command         open_platform returned 0; 0 sec.
Execute         import_lib /opt/Xilinx/Vivado/2017.4.op/common/technology/xilinx/virtexuplus/virtexuplus_fpv7 
Execute           source /opt/Xilinx/Vivado/2017.4.op/common/technology/xilinx/common/xilinx_fpv7.lib 
Execute             source /opt/Xilinx/Vivado/2017.4.op/common/technology/xilinx/common/xilinx_hp.lib 
Command             ap_source returned 0; 0 sec.
Command           ap_source returned 0; 0.03 sec.
Execute           source /opt/Xilinx/Vivado/2017.4.op/common/technology/xilinx/common/xilinx_fpv.hlp 
Execute             source /opt/Xilinx/Vivado/2017.4.op/common/technology/xilinx/common/xilinx.hlp 
Execute               source /opt/Xilinx/Vivado/2017.4.op/common/technology/xilinx/common/target_info.tcl 
Command               ap_source returned 0; 0 sec.
Execute               source /opt/Xilinx/Vivado/2017.4.op/common/technology/xilinx/interface/xilinx_interface.hlp 
Execute                 source /opt/Xilinx/Vivado/2017.4.op/common/technology/xilinx/interface/maxi.hlp 
Command                 ap_source returned 0; 0 sec.
Execute                 source /opt/Xilinx/Vivado/2017.4.op/common/technology/xilinx/interface/saxilite.hlp 
Command                 ap_source returned 0; 0 sec.
Command               ap_source returned 0; 0 sec.
Execute               source /opt/Xilinx/Vivado/2017.4.op/common/technology/xilinx/common/dsp48.hlp 
Command               ap_source returned 0; 0.01 sec.
Command             ap_source returned 0; 0.01 sec.
Command           ap_source returned 0; 0.01 sec.
Execute           source /opt/Xilinx/Vivado/2017.4.op/common/technology/xilinx/virtexuplus/virtexuplus_hp.hlp 
Command           ap_source returned 0; 0 sec.
Command         import_lib returned 0; 0.05 sec.
Execute         source /opt/Xilinx/Vivado/2017.4.op/common/technology/xilinx/virtexuplus/virtexuplus_fpv7.gen 
Execute           source /opt/Xilinx/Vivado/2017.4.op/common/technology/xilinx/common/xilinx_fpv6.gen 
Command           ap_source returned 0; 0.01 sec.
Command         ap_source returned 0; 0.01 sec.
Command       add_library returned 0; 0.06 sec.
INFO: [HLS 200-10] Setting target device to 'xcvu9p-fsgd2104-3-e-es1'
Execute       get_default_platform 
Command       get_default_platform returned 0; 0 sec.
Command     set_part returned 0; 0.17 sec.
Execute     get_default_platform 
Command     get_default_platform returned 0; 0 sec.
Execute     config_chip_info -quiet -resource  {SLICE 147780} {LUT 1182240}   {FF 2364480} {DSP48E 6840}  {BRAM 4320} {URAM 960}  
Command     config_chip_info returned 0; 0 sec.
Execute     config_chip_info -quiet -speed fast 
Command     config_chip_info returned 0; 0 sec.
Command   open_solution returned 0; 0.41 sec.
Execute   cosim_design -compiler gcc -trace_level all -tool xsim 
Execute     source /home/centos/src/vivado-hls/add/solution1/.autopilot/db/global.setting.tcl 
Command     ap_source returned 0; 0 sec.
Execute     source /home/centos/src/vivado-hls/add/solution1/.autopilot/db/global.setting.tcl 
Command     ap_source returned 0; 0 sec.
Execute     source /home/centos/src/vivado-hls/add/solution1/.autopilot/db/global.setting.tcl 
Command     ap_source returned 0; 0 sec.
Execute     source /opt/Xilinx/Vivado/2017.4.op/common/technology/generic/autopilot/common.gen 
Execute       source /opt/Xilinx/Vivado/2017.4.op/common/technology/generic/autopilot/APCoreGen.gen 
Command       ap_source returned 0; 0 sec.
Command     ap_source returned 0; 0 sec.
Execute     source /opt/Xilinx/Vivado/2017.4.op/common/technology/generic/autopilot/op.gen 
Command     ap_source returned 0; 0 sec.
Execute     source /opt/Xilinx/Vivado/2017.4.op/common/technology/generic/autopilot/op_simcore.gen 
Command     ap_source returned 0; 0 sec.
Execute     source /opt/Xilinx/Vivado/2017.4.op/common/technology/generic/autopilot/interface.gen 
Command     ap_source returned 0; 0 sec.
Execute     source /home/centos/src/vivado-hls/add/solution1/.autopilot/db/global.setting.tcl 
Command     ap_source returned 0; 0 sec.
Execute     source /opt/Xilinx/Vivado/2017.4.op/common/technology/xilinx/virtexuplus/virtexuplus.gen 
Execute       source /opt/Xilinx/Vivado/2017.4.op/common/technology/xilinx/common/virtex.gen 
Execute         source /opt/Xilinx/Vivado/2017.4.op/common/technology/xilinx/common/xilinx.gen 
Execute           source /opt/Xilinx/Vivado/2017.4.op/common/technology/xilinx/interface/plb46.gen 
Command           ap_source returned 0; 0 sec.
Execute           source /opt/Xilinx/Vivado/2017.4.op/common/technology/xilinx/interface/fsl.gen 
Command           ap_source returned 0; 0 sec.
Execute           source /opt/Xilinx/Vivado/2017.4.op/common/technology/xilinx/interface/axi4.gen 
Command           ap_source returned 0; 0 sec.
Execute           source /opt/Xilinx/Vivado/2017.4.op/common/technology/xilinx/interface/nativeAXI4.gen 
Execute             source /opt/Xilinx/Vivado/2017.4.op/common/technology/xilinx/interface/saxilite.gen 
Command             ap_source returned 0; 0 sec.
Execute             source /opt/Xilinx/Vivado/2017.4.op/common/technology/xilinx/interface/maxi.gen 
Command             ap_source returned 0; 0.01 sec.
Command           ap_source returned 0; 0.01 sec.
Execute           source /opt/Xilinx/Vivado/2017.4.op/common/technology/xilinx/scripts/xilinxcoregen.gen 
Command           ap_source returned 0; 0.01 sec.
Execute           source /opt/Xilinx/Vivado/2017.4.op/common/technology/xilinx/interface/XilEDKCoreGen.gen 
Command           ap_source returned 0; 0.01 sec.
Execute           source /opt/Xilinx/Vivado/2017.4.op/common/technology/xilinx/ip/dds_compiler.gen 
Command           ap_source returned 0; 0 sec.
Execute           source /opt/Xilinx/Vivado/2017.4.op/common/technology/xilinx/ip/util.gen 
Command           ap_source returned 0; 0 sec.
Execute           source /opt/Xilinx/Vivado/2017.4.op/common/technology/xilinx/ip/xfft.gen 
Command           ap_source returned 0; 0.09 sec.
Execute           source /opt/Xilinx/Vivado/2017.4.op/common/technology/xilinx/ip/xfir.gen 
Command           ap_source returned 0; 0 sec.
Command         ap_source returned 0; 0.13 sec.
Execute         source /opt/Xilinx/Vivado/2017.4.op/common/technology/xilinx/common/dsp48.gen 
Command         ap_source returned 0; 0 sec.
Command       ap_source returned 0; 0.14 sec.
Command     ap_source returned 0; 0.14 sec.
Execute     source /opt/Xilinx/Vivado/2017.4.op/common/technology/xilinx/virtexuplus/virtexuplus_fpv7.gen 
Execute       source /opt/Xilinx/Vivado/2017.4.op/common/technology/xilinx/common/xilinx_fpv6.gen 
Command       ap_source returned 0; 0 sec.
Command     ap_source returned 0; 0 sec.
Execute     source /home/centos/src/vivado-hls/add/solution1/.autopilot/db/global.setting.tcl 
Command     ap_source returned 0; 0 sec.
Execute     source /home/centos/src/vivado-hls/add/solution1/.autopilot/db/add.rtl_wrap.cfg.tcl 
Command     ap_source returned 0; 0 sec.
Execute     source /home/centos/src/vivado-hls/add/solution1/.autopilot/db/add.tbgen.tcl 
Command     ap_source returned 0; 0 sec.
Execute     is_encrypted /home/centos/src/vivado-hls/add/add_test.cpp 
Command     is_encrypted returned 0; 0 sec.
Execute     is_encrypted /home/centos/src/vivado-hls/add/add.cpp 
Command     is_encrypted returned 0; 0 sec.
Execute     source /home/centos/src/vivado-hls/add/solution1/.autopilot/db/add.tbgen.tcl 
Command     ap_source returned 0; 0 sec.
Execute     source /home/centos/src/vivado-hls/add/solution1/.autopilot/db/add.tbgen.tcl 
Command     ap_source returned 0; 0 sec.
INFO: [COSIM 212-47] Using XSIM for RTL simulation.
INFO: [COSIM 212-14] Instrumenting C test bench ...
Execute     get_default_platform 
Command     get_default_platform returned 0; 0 sec.
INFO: [HLS 200-0] Marker-Pragma convertor: /home/centos/src/vivado-hls/add/solution1/./sim/autowrap/testbench/add_test.cpp_pre.cpp /home/centos/src/vivado-hls/add/solution1/./sim/autowrap/testbench/add_test.cpp_pre.cpp.line.cpp ./sim/autowrap/testbench/line.tmp 1
INFO: [HLS 200-0] Converting Markers to Pragmas...
INFO: [HLS 200-0] Marker-Pragma convertor: ./sim/autowrap/testbench/add_test.cpp_pre.cpp.tb.cpp.line ./sim/autowrap/testbench/add_test.cpp_pre.cpp.tb.cpp ./sim/autowrap/testbench/line.tmp 0
INFO: [HLS 200-0] Converting Pragmas to Markers...
Execute     get_default_platform 
Command     get_default_platform returned 0; 0 sec.
INFO: [HLS 200-0] Marker-Pragma convertor: /home/centos/src/vivado-hls/add/solution1/./sim/autowrap/testbench/add.cpp_pre.cpp /home/centos/src/vivado-hls/add/solution1/./sim/autowrap/testbench/add.cpp_pre.cpp.line.cpp ./sim/autowrap/testbench/line.tmp 1
INFO: [HLS 200-0] Converting Markers to Pragmas...
INFO: [HLS 200-0] Marker-Pragma convertor: ./sim/autowrap/testbench/add.cpp_pre.cpp.tb.cpp.line ./sim/autowrap/testbench/add.cpp_pre.cpp.tb.cpp ./sim/autowrap/testbench/line.tmp 0
INFO: [HLS 200-0] Converting Pragmas to Markers...
Execute     source /home/centos/src/vivado-hls/add/solution1/./sim/autowrap/testbench/tb.status.tcl 
Command     ap_source returned 0; 0 sec.
Execute     source /home/centos/src/vivado-hls/add/solution1/.autopilot/db/global.setting.tcl 
Command     ap_source returned 0; 0 sec.
Execute     source /home/centos/src/vivado-hls/add/solution1/.autopilot/db/add.rtl_wrap.cfg.tcl 
Command     ap_source returned 0; 0 sec.
Execute     source /home/centos/src/vivado-hls/add/solution1/.autopilot/db/add.rtl_wrap.cfg.tcl 
Command     ap_source returned 0; 0 sec.
Execute     source /home/centos/src/vivado-hls/add/solution1/.autopilot/db/add.rtl_wrap.cfg.tcl 
Command     ap_source returned 0; 0 sec.
Execute     source /home/centos/src/vivado-hls/add/solution1/.autopilot/db/add.tbgen.tcl 
Command     ap_source returned 0; 0 sec.
Execute     source /home/centos/src/vivado-hls/add/solution1/.autopilot/db/add.tbgen.tcl 
Command     ap_source returned 0; 0 sec.
Execute     get_default_platform 
Command     get_default_platform returned 0; 0 sec.
Execute     source .run_sim.tcl 
INFO: [COSIM 212-302] Starting C TB testing ... 
Command     ap_source returned 0; 0.25 sec.
INFO: [COSIM 212-333] Generating C post check test bench ...
Execute     get_default_platform 
Command     get_default_platform returned 0; 0 sec.
INFO: [COSIM 212-12] Generating RTL test bench ...
Execute     source /home/centos/src/vivado-hls/add/solution1/.autopilot/db/add.tbgen.tcl 
Command     ap_source returned 0; 0 sec.
Execute     source /home/centos/src/vivado-hls/add/solution1/.autopilot/db/add.tbgen.tcl 
Command     ap_source returned 0; 0 sec.
Execute     source /home/centos/src/vivado-hls/add/solution1/.autopilot/db/add.tbgen.tcl 
Command     ap_source returned 0; 0 sec.
Execute     source /home/centos/src/vivado-hls/add/solution1/.autopilot/db/add.tbgen.tcl 
Command     ap_source returned 0; 0 sec.
Execute     source ../tv/cdatafile/ref.tcl 
Command     ap_source returned 0; 0 sec.
Execute     source /home/centos/src/vivado-hls/add/solution1/.autopilot/db/add.tbgen.tcl 
Command     ap_source returned 0; 0 sec.
Execute     source /home/centos/src/vivado-hls/add/solution1/.autopilot/db/add.tbgen.tcl 
Command     ap_source returned 0; 0 sec.
Execute     source /home/centos/src/vivado-hls/add/solution1/.autopilot/db/add.tbgen.tcl 
Command     ap_source returned 0; 0 sec.
Execute     source /home/centos/src/vivado-hls/add/solution1/.autopilot/db/add.tbgen.tcl 
Command     ap_source returned 0; 0 sec.
Execute     source /home/centos/src/vivado-hls/add/solution1/.autopilot/db/add.tbgen.tcl 
Command     ap_source returned 0; 0 sec.
Execute     source /home/centos/src/vivado-hls/add/solution1/.autopilot/db/add.tbgen.tcl 
Command     ap_source returned 0; 0 sec.
Execute     source /home/centos/src/vivado-hls/add/solution1/.autopilot/db/add.tbgen.tcl 
Command     ap_source returned 0; 0 sec.
Execute     source /home/centos/src/vivado-hls/add/solution1/.autopilot/db/add.tbgen.tcl 
Command     ap_source returned 0; 0 sec.
Execute     source /home/centos/src/vivado-hls/add/solution1/.autopilot/db/add.tbgen.tcl 
Command     ap_source returned 0; 0 sec.
Execute     source /home/centos/src/vivado-hls/add/solution1/.autopilot/db/add.tbgen.tcl 
Command     ap_source returned 0; 0 sec.
Execute     source /home/centos/src/vivado-hls/add/solution1/.autopilot/db/add.tbgen.tcl 
Command     ap_source returned 0; 0 sec.
Execute     source /home/centos/src/vivado-hls/add/solution1/.autopilot/db/add.tbgen.tcl 
Command     ap_source returned 0; 0 sec.
Execute     source /home/centos/src/vivado-hls/add/solution1/.autopilot/db/add.tbgen.tcl 
Command     ap_source returned 0; 0 sec.
Execute     source /home/centos/src/vivado-hls/add/solution1/.autopilot/db/add.tbgen.tcl 
Command     ap_source returned 0; 0 sec.
Execute     source /home/centos/src/vivado-hls/add/solution1/.autopilot/db/add.tbgen.tcl 
Command     ap_source returned 0; 0 sec.
Execute     source /home/centos/src/vivado-hls/add/solution1/.autopilot/db/add.tbgen.tcl 
Command     ap_source returned 0; 0 sec.
Execute     source ../tv/cdatafile/ref.tcl 
Command     ap_source returned 0; 0 sec.
Execute     source /home/centos/src/vivado-hls/add/solution1/.autopilot/db/add.tbgen.tcl 
Command     ap_source returned 0; 0 sec.
Execute     source /home/centos/src/vivado-hls/add/solution1/.autopilot/db/add.tbgen.tcl 
Command     ap_source returned 0; 0 sec.
Execute     source /home/centos/src/vivado-hls/add/solution1/.autopilot/db/add.tbgen.tcl 
Command     ap_source returned 0; 0 sec.
Execute     source /home/centos/src/vivado-hls/add/solution1/.autopilot/db/add.tbgen.tcl 
Command     ap_source returned 0; 0 sec.
Execute     source /home/centos/src/vivado-hls/add/solution1/.autopilot/db/add.tbgen.tcl 
Command     ap_source returned 0; 0 sec.
Execute     source /home/centos/src/vivado-hls/add/solution1/.autopilot/db/add.tbgen.tcl 
Command     ap_source returned 0; 0 sec.
Execute     source /home/centos/src/vivado-hls/add/solution1/.autopilot/db/add.tbgen.tcl 
Command     ap_source returned 0; 0 sec.
Execute     source /home/centos/src/vivado-hls/add/solution1/.autopilot/db/add.tbgen.tcl 
Command     ap_source returned 0; 0 sec.
Execute     source /home/centos/src/vivado-hls/add/solution1/.autopilot/db/add.tbgen.tcl 
Command     ap_source returned 0; 0 sec.
Execute     source /home/centos/src/vivado-hls/add/solution1/.autopilot/db/add.tbgen.tcl 
Command     ap_source returned 0; 0 sec.
Execute     source /home/centos/src/vivado-hls/add/solution1/.autopilot/db/add.tbgen.tcl 
Command     ap_source returned 0; 0 sec.
Execute     source /home/centos/src/vivado-hls/add/solution1/.autopilot/db/add.tbgen.tcl 
Command     ap_source returned 0; 0 sec.
Execute     source .run_sim.tcl 
Execute       source check_sim.tcl 
Command       ap_source returned 0; 0 sec.
Execute       source .sim.status.tcl 
Command       ap_source returned 0; 0 sec.
INFO: [COSIM 212-323] Starting verilog simulation. 
INFO: [COSIM 212-15] Starting XSIM ...
INFO: [COSIM 212-316] Starting C post checking ...
Command     ap_source returned 0; 17.91 sec.
INFO: [COSIM 212-1000] *** C/RTL co-simulation finished: PASS ***
INFO: [COSIM 212-211] II is measurable only when transaction number is greater than 1 in RTL simulation. Otherwise, they will be marked as all NA. If user wants to calculate them, please make sure there are at least 2 transactions in RTL simulation.
Command   cosim_design returned 0; 69.62 sec.
Command ap_source returned 0; 70.03 sec.
Execute cleanup_all 
Command cleanup_all returned 0; 0 sec.
