INFO: [HLS 200-0] Workspace C:/Users/vsananda/work/bubble_sort/solution1 opened at Fri Jun 29 15:42:31 -0500 2018
Execute     config_clock -quiet -name default -period 10 -default=false 
INFO: [SYN 201-201] Setting up clock 'default' with a period of 10ns.
Command     config_clock returned 0; 0.001 sec.
Execute     open_platform DefaultPlatform 
Command     open_platform returned 0; 0 sec.
Execute     import_lib C:/Xilinx/Vivado/2017.4/common/technology/xilinx/zynq/zynq 
Execute       source C:/Xilinx/Vivado/2017.4/common/technology/xilinx/common/xilinx.lib 
Execute         source C:/Xilinx/Vivado/2017.4/common/technology/xilinx/interface/xilinx_interface.lib 
Execute           source C:/Xilinx/Vivado/2017.4/common/technology/xilinx/interface/plb46.lib 
Command           ap_source returned 0; 0 sec.
Execute           source C:/Xilinx/Vivado/2017.4/common/technology/xilinx/interface/fsl.lib 
Command           ap_source returned 0; 0.001 sec.
Execute           source C:/Xilinx/Vivado/2017.4/common/technology/xilinx/interface/axi4.lib 
Command           ap_source returned 0; 0 sec.
Execute           source C:/Xilinx/Vivado/2017.4/common/technology/xilinx/interface/maxi.lib 
Command           ap_source returned 0; 0 sec.
Execute           source C:/Xilinx/Vivado/2017.4/common/technology/xilinx/interface/saxilite.lib 
Command           ap_source returned 0; 0 sec.
Command         ap_source returned 0; 0.001 sec.
Execute         source C:/Xilinx/Vivado/2017.4/common/technology/xilinx/common/dsp48.lib 
Command         ap_source returned 0; 0.001 sec.
Execute         source C:/Xilinx/Vivado/2017.4/common/technology/xilinx/ip/dds_compiler.lib 
Command         ap_source returned 0; 0 sec.
Execute         source C:/Xilinx/Vivado/2017.4/common/technology/xilinx/ip/xfft.lib 
Command         ap_source returned 0; 0 sec.
Execute         source C:/Xilinx/Vivado/2017.4/common/technology/xilinx/ip/xfir.lib 
Command         ap_source returned 0; 0 sec.
Command       ap_source returned 0; 0.005 sec.
Execute       source C:/Xilinx/Vivado/2017.4/common/technology/xilinx/common/xilinx_old.lib 
Command       ap_source returned 0; 0.001 sec.
Execute       source C:/Xilinx/Vivado/2017.4/common/technology/xilinx/common/xilinx_vivado.lib 
Command       ap_source returned 0; 0.001 sec.
Execute       source C:/Xilinx/Vivado/2017.4/common/technology/xilinx/common/xilinx.hlp 
Execute         source C:/Xilinx/Vivado/2017.4/common/technology/xilinx/common/target_info.tcl 
Command         ap_source returned 0; 0.001 sec.
Execute         source C:/Xilinx/Vivado/2017.4/common/technology/xilinx/interface/xilinx_interface.hlp 
Execute           source C:/Xilinx/Vivado/2017.4/common/technology/xilinx/interface/maxi.hlp 
Command           ap_source returned 0; 0 sec.
Execute           source C:/Xilinx/Vivado/2017.4/common/technology/xilinx/interface/saxilite.hlp 
Command           ap_source returned 0; 0 sec.
Command         ap_source returned 0; 0 sec.
Execute         source C:/Xilinx/Vivado/2017.4/common/technology/xilinx/common/dsp48.hlp 
Command         ap_source returned 0; 0.001 sec.
Command       ap_source returned 0; 0.004 sec.
Execute       source C:/Xilinx/Vivado/2017.4/common/technology/xilinx/zynq/dsp48e1.hlp 
Command       ap_source returned 0; 0 sec.
Execute       get_default_platform 
Command       get_default_platform returned 0; 0 sec.
Execute       config_chip_info -quiet -resource  {SLICE 13300}  {LUT 53200}     {FF 106400} {DSP48E 220}   {BRAM 280}  
Command       config_chip_info returned 0; 0 sec.
Execute       config_chip_info -quiet -speed medium 
Command       config_chip_info returned 0; 0 sec.
Execute       source C:/Xilinx/Vivado/2017.4/common/technology/xilinx/common/xilinx.hlp 
Execute         source C:/Xilinx/Vivado/2017.4/common/technology/xilinx/common/target_info.tcl 
Command         ap_source returned 0; 0 sec.
Execute         source C:/Xilinx/Vivado/2017.4/common/technology/xilinx/interface/xilinx_interface.hlp 
Execute           source C:/Xilinx/Vivado/2017.4/common/technology/xilinx/interface/maxi.hlp 
Command           ap_source returned 0; 0.001 sec.
Execute           source C:/Xilinx/Vivado/2017.4/common/technology/xilinx/interface/saxilite.hlp 
Command           ap_source returned 0; 0 sec.
Command         ap_source returned 0; 0.001 sec.
Execute         source C:/Xilinx/Vivado/2017.4/common/technology/xilinx/common/dsp48.hlp 
Command         ap_source returned 0; 0.002 sec.
Command       ap_source returned 0; 0.004 sec.
Command     import_lib returned 0; 0.021 sec.
Execute     source C:/Xilinx/Vivado/2017.4/common/technology/xilinx/zynq/zynq.gen 
Execute       source C:/Xilinx/Vivado/2017.4/common/technology/xilinx/common/virtex.gen 
Execute         source C:/Xilinx/Vivado/2017.4/common/technology/xilinx/common/xilinx.gen 
Execute           source C:/Xilinx/Vivado/2017.4/common/technology/xilinx/interface/plb46.gen 
Command           ap_source returned 0; 0.002 sec.
Execute           source C:/Xilinx/Vivado/2017.4/common/technology/xilinx/interface/fsl.gen 
Command           ap_source returned 0; 0.001 sec.
Execute           source C:/Xilinx/Vivado/2017.4/common/technology/xilinx/interface/axi4.gen 
Command           ap_source returned 0; 0.002 sec.
Execute           source C:/Xilinx/Vivado/2017.4/common/technology/xilinx/interface/nativeAXI4.gen 
Execute             source C:/Xilinx/Vivado/2017.4/common/technology/xilinx/interface/saxilite.gen 
Command             ap_source returned 0; 0.005 sec.
Execute             source C:/Xilinx/Vivado/2017.4/common/technology/xilinx/interface/maxi.gen 
Command             ap_source returned 0; 0.009 sec.
Command           ap_source returned 0; 0.014 sec.
Execute           source C:/Xilinx/Vivado/2017.4/common/technology/xilinx/scripts/xilinxcoregen.gen 
Command           ap_source returned 0; 0.014 sec.
Execute           source C:/Xilinx/Vivado/2017.4/common/technology/xilinx/interface/XilEDKCoreGen.gen 
Command           ap_source returned 0; 0.011 sec.
Execute           source C:/Xilinx/Vivado/2017.4/common/technology/xilinx/ip/dds_compiler.gen 
Command           ap_source returned 0; 0.005 sec.
Execute           source C:/Xilinx/Vivado/2017.4/common/technology/xilinx/ip/util.gen 
Command           ap_source returned 0; 0 sec.
Execute           source C:/Xilinx/Vivado/2017.4/common/technology/xilinx/ip/xfft.gen 
Command           ap_source returned 0; 0.121 sec.
Execute           source C:/Xilinx/Vivado/2017.4/common/technology/xilinx/ip/xfir.gen 
Command           ap_source returned 0; 0.001 sec.
Command         ap_source returned 0; 0.172 sec.
Execute         source C:/Xilinx/Vivado/2017.4/common/technology/xilinx/common/dsp48.gen 
Command         ap_source returned 0; 0 sec.
Command       ap_source returned 0; 0.175 sec.
Command     ap_source returned 0; 0.176 sec.
Execute     open_platform DefaultPlatform 
Command     open_platform returned 0; 0 sec.
Execute     import_lib C:/Xilinx/Vivado/2017.4/common/technology/xilinx/zynq/zynq_fpv6 
Execute       source C:/Xilinx/Vivado/2017.4/common/technology/xilinx/common/xilinx_fpv7.lib 
Execute         source C:/Xilinx/Vivado/2017.4/common/technology/xilinx/common/xilinx_hp.lib 
Command         ap_source returned 0; 0.001 sec.
Command       ap_source returned 0; 0.005 sec.
Execute       source C:/Xilinx/Vivado/2017.4/common/technology/xilinx/common/xilinx_fpv.hlp 
Execute         source C:/Xilinx/Vivado/2017.4/common/technology/xilinx/common/xilinx.hlp 
Execute           source C:/Xilinx/Vivado/2017.4/common/technology/xilinx/common/target_info.tcl 
Command           ap_source returned 0; 0.001 sec.
Execute           source C:/Xilinx/Vivado/2017.4/common/technology/xilinx/interface/xilinx_interface.hlp 
Execute             source C:/Xilinx/Vivado/2017.4/common/technology/xilinx/interface/maxi.hlp 
Command             ap_source returned 0; 0 sec.
Execute             source C:/Xilinx/Vivado/2017.4/common/technology/xilinx/interface/saxilite.hlp 
Command             ap_source returned 0; 0 sec.
Command           ap_source returned 0; 0 sec.
Execute           source C:/Xilinx/Vivado/2017.4/common/technology/xilinx/common/dsp48.hlp 
Command           ap_source returned 0; 0.002 sec.
Command         ap_source returned 0; 0.005 sec.
Command       ap_source returned 0; 0.006 sec.
Execute       source C:/Xilinx/Vivado/2017.4/common/technology/xilinx/zynq/zynq_hp.hlp 
Command       ap_source returned 0; 0.002 sec.
Command     import_lib returned 0; 0.024 sec.
Execute     source C:/Xilinx/Vivado/2017.4/common/technology/xilinx/zynq/zynq_fpv6.gen 
Execute       source C:/Xilinx/Vivado/2017.4/common/technology/xilinx/common/xilinx_fpv6.gen 
Command       ap_source returned 0; 0.002 sec.
Command     ap_source returned 0; 0.002 sec.
Execute     set_part xc7z020clg484-1 
Execute       add_library xilinx/zynq/zynq:xc7z020:clg484:-1 
Execute         get_default_platform 
Command         get_default_platform returned 0; 0 sec.
Execute         license_isbetapart xc7z020 
Command         license_isbetapart returned 1; 0.019 sec.
Execute         get_default_platform 
Command         get_default_platform returned 0; 0 sec.
Execute         config_chip_info -quiet -resource  {SLICE 13300}  {LUT 53200}     {FF 106400} {DSP48E 220}   {BRAM 280}  
Command         config_chip_info returned 0; 0 sec.
Execute         config_chip_info -quiet -speed slow 
Command         config_chip_info returned 0; 0 sec.
Command       add_library returned 0; 0.022 sec.
Execute       add_library xilinx/zynq/zynq_fpv6 
Execute         get_default_platform 
Command         get_default_platform returned 0; 0 sec.
Command       add_library returned 0; 0.002 sec.
INFO: [HLS 200-10] Setting target device to 'xc7z020clg484-1'
Execute       get_default_platform 
Command       get_default_platform returned 0; 0 sec.
Command     set_part returned 0; 0.07 sec.
Execute     get_default_platform 
Command     get_default_platform returned 0; 0 sec.
Execute     config_chip_info -quiet -resource  {SLICE 13300}  {LUT 53200}     {FF 106400} {DSP48E 220}   {BRAM 280}  
Command     config_chip_info returned 0; 0 sec.
Execute     config_chip_info -quiet -speed slow 
Command     config_chip_info returned 0; 0 sec.
Command   open_solution returned 0; 0.306 sec.
Execute   cosim_design -trace_level all 
Execute     source C:/Users/vsananda/work/bubble_sort/solution1/.autopilot/db/global.setting.tcl 
Command     ap_source returned 0; 0.001 sec.
Execute     source C:/Users/vsananda/work/bubble_sort/solution1/.autopilot/db/global.setting.tcl 
Command     ap_source returned 0; 0.001 sec.
Execute     source C:/Users/vsananda/work/bubble_sort/solution1/.autopilot/db/global.setting.tcl 
Command     ap_source returned 0; 0.001 sec.
Execute     source C:/Xilinx/Vivado/2017.4/common/technology/generic/autopilot/common.gen 
Execute       source C:/Xilinx/Vivado/2017.4/common/technology/generic/autopilot/APCoreGen.gen 
Command       ap_source returned 0; 0.001 sec.
Command     ap_source returned 0; 0.001 sec.
Execute     source C:/Xilinx/Vivado/2017.4/common/technology/generic/autopilot/op.gen 
Command     ap_source returned 0; 0.001 sec.
Execute     source C:/Xilinx/Vivado/2017.4/common/technology/generic/autopilot/op_simcore.gen 
Command     ap_source returned 0; 0.001 sec.
Execute     source C:/Xilinx/Vivado/2017.4/common/technology/generic/autopilot/interface.gen 
Command     ap_source returned 0; 0 sec.
Execute     source C:/Users/vsananda/work/bubble_sort/solution1/.autopilot/db/global.setting.tcl 
Command     ap_source returned 0; 0.001 sec.
Execute     source C:/Xilinx/Vivado/2017.4/common/technology/xilinx/zynq/zynq.gen 
Execute       source C:/Xilinx/Vivado/2017.4/common/technology/xilinx/common/virtex.gen 
Execute         source C:/Xilinx/Vivado/2017.4/common/technology/xilinx/common/xilinx.gen 
Execute           source C:/Xilinx/Vivado/2017.4/common/technology/xilinx/interface/plb46.gen 
Command           ap_source returned 0; 0.002 sec.
Execute           source C:/Xilinx/Vivado/2017.4/common/technology/xilinx/interface/fsl.gen 
Command           ap_source returned 0; 0.001 sec.
Execute           source C:/Xilinx/Vivado/2017.4/common/technology/xilinx/interface/axi4.gen 
Command           ap_source returned 0; 0.002 sec.
Execute           source C:/Xilinx/Vivado/2017.4/common/technology/xilinx/interface/nativeAXI4.gen 
Execute             source C:/Xilinx/Vivado/2017.4/common/technology/xilinx/interface/saxilite.gen 
Command             ap_source returned 0; 0.004 sec.
Execute             source C:/Xilinx/Vivado/2017.4/common/technology/xilinx/interface/maxi.gen 
Command             ap_source returned 0; 0.008 sec.
Command           ap_source returned 0; 0.013 sec.
Execute           source C:/Xilinx/Vivado/2017.4/common/technology/xilinx/scripts/xilinxcoregen.gen 
Command           ap_source returned 0; 0.013 sec.
Execute           source C:/Xilinx/Vivado/2017.4/common/technology/xilinx/interface/XilEDKCoreGen.gen 
Command           ap_source returned 0; 0.009 sec.
Execute           source C:/Xilinx/Vivado/2017.4/common/technology/xilinx/ip/dds_compiler.gen 
Command           ap_source returned 0; 0.004 sec.
Execute           source C:/Xilinx/Vivado/2017.4/common/technology/xilinx/ip/util.gen 
Command           ap_source returned 0; 0 sec.
Execute           source C:/Xilinx/Vivado/2017.4/common/technology/xilinx/ip/xfft.gen 
Command           ap_source returned 0; 0.11 sec.
Execute           source C:/Xilinx/Vivado/2017.4/common/technology/xilinx/ip/xfir.gen 
Command           ap_source returned 0; 0.001 sec.
Command         ap_source returned 0; 0.155 sec.
Execute         source C:/Xilinx/Vivado/2017.4/common/technology/xilinx/common/dsp48.gen 
Command         ap_source returned 0; 0 sec.
Command       ap_source returned 0; 0.158 sec.
Command     ap_source returned 0; 0.158 sec.
Execute     source C:/Xilinx/Vivado/2017.4/common/technology/xilinx/zynq/zynq_fpv6.gen 
Execute       source C:/Xilinx/Vivado/2017.4/common/technology/xilinx/common/xilinx_fpv6.gen 
Command       ap_source returned 0; 0.002 sec.
Command     ap_source returned 0; 0.003 sec.
Execute     source C:/Users/vsananda/work/bubble_sort/solution1/.autopilot/db/global.setting.tcl 
Command     ap_source returned 0; 0.001 sec.
Execute     source C:/Users/vsananda/work/bubble_sort/solution1/.autopilot/db/sort.rtl_wrap.cfg.tcl 
Command     ap_source returned 0; 0 sec.
Execute     source C:/Users/vsananda/work/bubble_sort/solution1/.autopilot/db/sort.tbgen.tcl 
Command     ap_source returned 0; 0.001 sec.
Execute     is_encrypted C:/Users/vsananda/work/bubble_sort/test_sort.c 
Command     is_encrypted returned 0; 0 sec.
Execute     is_encrypted C:/Users/vsananda/work/bubble_sort/sort_config.h 
Command     is_encrypted returned 0; 0.001 sec.
Execute     is_encrypted C:/Users/vsananda/work/bubble_sort/sort.c 
Command     is_encrypted returned 0; 0 sec.
Execute     source C:/Users/vsananda/work/bubble_sort/solution1/.autopilot/db/sort.tbgen.tcl 
Command     ap_source returned 0; 0.001 sec.
Execute     source C:/Users/vsananda/work/bubble_sort/solution1/.autopilot/db/sort.tbgen.tcl 
Command     ap_source returned 0; 0.001 sec.
INFO: [COSIM 212-47] Using XSIM for RTL simulation.
INFO: [COSIM 212-14] Instrumenting C test bench ...
Execute     get_default_platform 
Command     get_default_platform returned 0; 0 sec.
INFO: [HLS 200-0] Marker-Pragma convertor: C:/Users/vsananda/work/bubble_sort/solution1/./sim/autowrap/testbench/test_sort.c_pre.c C:/Users/vsananda/work/bubble_sort/solution1/./sim/autowrap/testbench/test_sort.c_pre.c.line.c ./sim/autowrap/testbench/line.tmp 1
INFO: [HLS 200-0] Converting Markers to Pragmas...
INFO: [HLS 200-0] Marker-Pragma convertor: ./sim/autowrap/testbench/test_sort.c_pre.c.tb.c.line ./sim/autowrap/testbench/test_sort.c_pre.c.tb.c ./sim/autowrap/testbench/line.tmp 0
INFO: [HLS 200-0] Converting Pragmas to Markers...
Execute     get_default_platform 
Command     get_default_platform returned 0; 0 sec.
INFO: [HLS 200-0] Marker-Pragma convertor: C:/Users/vsananda/work/bubble_sort/solution1/./sim/autowrap/testbench/sort.c_pre.c C:/Users/vsananda/work/bubble_sort/solution1/./sim/autowrap/testbench/sort.c_pre.c.line.c ./sim/autowrap/testbench/line.tmp 1
INFO: [HLS 200-0] Converting Markers to Pragmas...
INFO: [HLS 200-0] Marker-Pragma convertor: ./sim/autowrap/testbench/sort.c_pre.c.tb.c.line ./sim/autowrap/testbench/sort.c_pre.c.tb.c ./sim/autowrap/testbench/line.tmp 0
INFO: [HLS 200-0] Converting Pragmas to Markers...
Execute     source C:/Users/vsananda/work/bubble_sort/solution1/./sim/autowrap/testbench/tb.status.tcl 
Command     ap_source returned 0; 0 sec.
Execute     source C:/Users/vsananda/work/bubble_sort/solution1/.autopilot/db/global.setting.tcl 
Command     ap_source returned 0; 0 sec.
Execute     source C:/Users/vsananda/work/bubble_sort/solution1/.autopilot/db/sort.rtl_wrap.cfg.tcl 
Command     ap_source returned 0; 0 sec.
Execute     source C:/Users/vsananda/work/bubble_sort/solution1/.autopilot/db/sort.rtl_wrap.cfg.tcl 
Command     ap_source returned 0; 0.001 sec.
Execute     source C:/Users/vsananda/work/bubble_sort/solution1/.autopilot/db/sort.rtl_wrap.cfg.tcl 
Command     ap_source returned 0; 0 sec.
Execute     source C:/Users/vsananda/work/bubble_sort/solution1/.autopilot/db/sort.tbgen.tcl 
Command     ap_source returned 0; 0 sec.
Execute     source C:/Users/vsananda/work/bubble_sort/solution1/.autopilot/db/sort.tbgen.tcl 
Command     ap_source returned 0; 0.001 sec.
Execute     get_default_platform 
Command     get_default_platform returned 0; 0 sec.
Execute     source C:/Users/vsananda/work/bubble_sort/solution1/.autopilot/db/sort.rtl_wrap.cfg.tcl 
Command     ap_source returned 0; 0 sec.
Execute     source .run_sim.tcl 
INFO: [COSIM 212-302] Starting C TB testing ... 
Command     ap_source returned 0; 0.137 sec.
INFO: [COSIM 212-333] Generating C post check test bench ...
Execute     get_default_platform 
Command     get_default_platform returned 0; 0 sec.
Execute     source C:/Users/vsananda/work/bubble_sort/solution1/.autopilot/db/sort.rtl_wrap.cfg.tcl 
Command     ap_source returned 0; 0 sec.
INFO: [COSIM 212-12] Generating RTL test bench ...
Execute     source C:/Users/vsananda/work/bubble_sort/solution1/.autopilot/db/sort.tbgen.tcl 
Command     ap_source returned 0; 0.001 sec.
Execute     source C:/Users/vsananda/work/bubble_sort/solution1/.autopilot/db/sort.tbgen.tcl 
Command     ap_source returned 0; 0.001 sec.
Execute     source C:/Users/vsananda/work/bubble_sort/solution1/.autopilot/db/sort.tbgen.tcl 
Command     ap_source returned 0; 0.001 sec.
Execute     source C:/Users/vsananda/work/bubble_sort/solution1/.autopilot/db/sort.tbgen.tcl 
Command     ap_source returned 0; 0.001 sec.
Execute     source ../tv/cdatafile/ref.tcl 
Command     ap_source returned 0; 0.001 sec.
Execute     source C:/Users/vsananda/work/bubble_sort/solution1/.autopilot/db/sort.tbgen.tcl 
Command     ap_source returned 0; 0 sec.
Execute     source C:/Users/vsananda/work/bubble_sort/solution1/.autopilot/db/sort.tbgen.tcl 
Command     ap_source returned 0; 0 sec.
Execute     source C:/Users/vsananda/work/bubble_sort/solution1/.autopilot/db/sort.tbgen.tcl 
Command     ap_source returned 0; 0.001 sec.
Execute     source C:/Users/vsananda/work/bubble_sort/solution1/.autopilot/db/sort.tbgen.tcl 
Command     ap_source returned 0; 0.001 sec.
Execute     source C:/Users/vsananda/work/bubble_sort/solution1/.autopilot/db/sort.tbgen.tcl 
Command     ap_source returned 0; 0.001 sec.
Execute     source C:/Users/vsananda/work/bubble_sort/solution1/.autopilot/db/sort.tbgen.tcl 
Command     ap_source returned 0; 0.001 sec.
Execute     source C:/Users/vsananda/work/bubble_sort/solution1/.autopilot/db/sort.tbgen.tcl 
Command     ap_source returned 0; 0 sec.
Execute     source C:/Users/vsananda/work/bubble_sort/solution1/.autopilot/db/sort.tbgen.tcl 
Command     ap_source returned 0; 0.001 sec.
Execute     source C:/Users/vsananda/work/bubble_sort/solution1/.autopilot/db/sort.tbgen.tcl 
Command     ap_source returned 0; 0 sec.
Execute     source C:/Users/vsananda/work/bubble_sort/solution1/.autopilot/db/sort.tbgen.tcl 
Command     ap_source returned 0; 0.001 sec.
Execute     source C:/Users/vsananda/work/bubble_sort/solution1/.autopilot/db/sort.tbgen.tcl 
Command     ap_source returned 0; 0.001 sec.
Execute     source C:/Users/vsananda/work/bubble_sort/solution1/.autopilot/db/sort.tbgen.tcl 
Command     ap_source returned 0; 0 sec.
Execute     source C:/Users/vsananda/work/bubble_sort/solution1/.autopilot/db/sort.tbgen.tcl 
Command     ap_source returned 0; 0.002 sec.
Execute     source C:/Users/vsananda/work/bubble_sort/solution1/.autopilot/db/sort.tbgen.tcl 
Command     ap_source returned 0; 0.001 sec.
Execute     source C:/Users/vsananda/work/bubble_sort/solution1/.autopilot/db/sort.tbgen.tcl 
Command     ap_source returned 0; 0 sec.
Execute     source C:/Users/vsananda/work/bubble_sort/solution1/.autopilot/db/sort.tbgen.tcl 
Command     ap_source returned 0; 0 sec.
Execute     source ../tv/cdatafile/ref.tcl 
Command     ap_source returned 0; 0 sec.
Execute     source C:/Users/vsananda/work/bubble_sort/solution1/.autopilot/db/sort.tbgen.tcl 
Command     ap_source returned 0; 0.001 sec.
Execute     source C:/Users/vsananda/work/bubble_sort/solution1/.autopilot/db/sort.tbgen.tcl 
Command     ap_source returned 0; 0.001 sec.
Execute     source C:/Users/vsananda/work/bubble_sort/solution1/.autopilot/db/sort.tbgen.tcl 
Command     ap_source returned 0; 0 sec.
Execute     source C:/Users/vsananda/work/bubble_sort/solution1/.autopilot/db/sort.tbgen.tcl 
Command     ap_source returned 0; 0 sec.
Execute     source C:/Users/vsananda/work/bubble_sort/solution1/.autopilot/db/sort.tbgen.tcl 
Command     ap_source returned 0; 0.001 sec.
Execute     source C:/Users/vsananda/work/bubble_sort/solution1/.autopilot/db/sort.tbgen.tcl 
Command     ap_source returned 0; 0.001 sec.
Execute     source C:/Users/vsananda/work/bubble_sort/solution1/.autopilot/db/sort.tbgen.tcl 
Command     ap_source returned 0; 0 sec.
Execute     source C:/Users/vsananda/work/bubble_sort/solution1/.autopilot/db/sort.tbgen.tcl 
Command     ap_source returned 0; 0.001 sec.
Execute     source C:/Users/vsananda/work/bubble_sort/solution1/.autopilot/db/sort.tbgen.tcl 
Command     ap_source returned 0; 0.001 sec.
Execute     source C:/Users/vsananda/work/bubble_sort/solution1/.autopilot/db/sort.tbgen.tcl 
Command     ap_source returned 0; 0 sec.
Execute     source C:/Users/vsananda/work/bubble_sort/solution1/.autopilot/db/sort.tbgen.tcl 
Command     ap_source returned 0; 0.001 sec.
Execute     source C:/Users/vsananda/work/bubble_sort/solution1/.autopilot/db/sort.tbgen.tcl 
Command     ap_source returned 0; 0.001 sec.
Execute     source .run_sim.tcl 
Execute       source check_sim.tcl 
Command       ap_source returned 0; 0 sec.
Execute       source .sim.status.tcl 
Command       ap_source returned 0; 0.001 sec.
INFO: [COSIM 212-323] Starting verilog simulation. 
INFO: [COSIM 212-15] Starting XSIM ...
INFO: [COSIM 212-316] Starting C post checking ...
Command     ap_source returned 0; 166.232 sec.
INFO: [COSIM 212-1000] *** C/RTL co-simulation finished: PASS ***
INFO: [COSIM 212-211] II is measurable only when transaction number is greater than 1 in RTL simulation. Otherwise, they will be marked as all NA. If user wants to calculate them, please make sure there are at least 2 transactions in RTL simulation.
Command   cosim_design returned 0; 183.785 sec.
Command ap_source returned 0; 184.094 sec.
Execute cleanup_all 
Command cleanup_all returned 0; 0.003 sec.
